\BOOKMARK [0][-]{chapter.1}{Introduction}{}% 1
\BOOKMARK [1][-]{section.1.1}{Diffractive interactions in pp collisions}{chapter.1}% 2
\BOOKMARK [1][-]{section.1.2}{Baryon number transfer}{chapter.1}% 3
\BOOKMARK [0][-]{chapter.2}{Data set}{}% 4
\BOOKMARK [1][-]{section.2.1}{Trigger}{chapter.2}% 5
\BOOKMARK [1][-]{section.2.2}{Reconstruction}{chapter.2}% 6
\BOOKMARK [0][-]{chapter.3}{Analysis}{}% 7
\BOOKMARK [1][-]{section.3.1}{Event selection}{chapter.3}% 8
\BOOKMARK [2][-]{subsection.3.1.1}{SD and CD}{section.3.1}% 9
\BOOKMARK [2][-]{subsection.3.1.2}{SD}{section.3.1}% 10
\BOOKMARK [2][-]{subsection.3.1.3}{CD}{section.3.1}% 11
\BOOKMARK [1][-]{section.3.2}{Track selection}{chapter.3}% 12
\BOOKMARK [1][-]{section.3.3}{Accidental background study}{chapter.3}% 13
\BOOKMARK [2][-]{subsection.3.3.1}{Proton overlay probability}{section.3.3}% 14
\BOOKMARK [2][-]{subsection.3.3.2}{Accidental background in SD}{section.3.3}% 15
\BOOKMARK [2][-]{subsection.3.3.3}{Accidental background in CD}{section.3.3}% 16
\BOOKMARK [2][-]{subsection.3.3.4}{TPC related distributions with additional proton selection cuts}{section.3.3}% 17
\BOOKMARK [1][-]{section.3.4}{Corrections}{chapter.3}% 18
\BOOKMARK [2][-]{subsection.3.4.1}{Monte Carlo Embedding Technique}{section.3.4}% 19
\BOOKMARK [2][-]{subsection.3.4.2}{Vertex reconstruction}{section.3.4}% 20
\BOOKMARK [2][-]{subsection.3.4.3}{Correction to dN/dnch}{section.3.4}% 21
\BOOKMARK [1][-]{section.3.5}{Particle Identification by dE/dx}{chapter.3}% 22
\BOOKMARK [0][-]{Appendix.1.A}{Distributions of nidE/dx in SD}{}% 23
\BOOKMARK [0][-]{figure.caption.31}{References}{}% 24
