This is pdfTeX, Version 3.14159265-2.6-1.40.16 (TeX Live 2015/Debian) (preloaded format=pdflatex 2018.3.8)  8 OCT 2018 15:39
entering extended mode
 restricted \write18 enabled.
 %&-line parsing enabled.
**PID_AnalysisNote.tex
(./PID_AnalysisNote.tex
LaTeX2e <2016/02/01>
Babel <3.9q> and hyphenation patterns for 81 language(s) loaded.
(/usr/share/texlive/texmf-dist/tex/latex/base/report.cls
Document Class: report 2014/09/29 v1.4h Standard LaTeX document class
(/usr/share/texlive/texmf-dist/tex/latex/base/size10.clo
File: size10.clo 2014/09/29 v1.4h Standard LaTeX file (size option)
)
\c@part=\count79
\c@chapter=\count80
\c@section=\count81
\c@subsection=\count82
\c@subsubsection=\count83
\c@paragraph=\count84
\c@subparagraph=\count85
\c@figure=\count86
\c@table=\count87
\abovecaptionskip=\skip41
\belowcaptionskip=\skip42
\bibindent=\dimen102
)
(/usr/share/texlive/texmf-dist/tex/latex/base/inputenc.sty
Package: inputenc 2015/03/17 v1.2c Input encoding file
\inpenc@prehook=\toks14
\inpenc@posthook=\toks15

(/usr/share/texlive/texmf-dist/tex/latex/base/utf8.def
File: utf8.def 2015/12/03 v1.1r UTF-8 support for inputenc
Now handling font encoding OML ...
... no UTF-8 mapping file for font encoding OML
Now handling font encoding T1 ...
... processing UTF-8 mapping file for font encoding T1

(/usr/share/texlive/texmf-dist/tex/latex/base/t1enc.dfu
File: t1enc.dfu 2015/12/03 v1.1r UTF-8 support for inputenc
   defining Unicode char U+00A0 (decimal 160)
   defining Unicode char U+00A1 (decimal 161)
   defining Unicode char U+00A3 (decimal 163)
   defining Unicode char U+00AB (decimal 171)
   defining Unicode char U+00AD (decimal 173)
   defining Unicode char U+00BB (decimal 187)
   defining Unicode char U+00BF (decimal 191)
   defining Unicode char U+00C0 (decimal 192)
   defining Unicode char U+00C1 (decimal 193)
   defining Unicode char U+00C2 (decimal 194)
   defining Unicode char U+00C3 (decimal 195)
   defining Unicode char U+00C4 (decimal 196)
   defining Unicode char U+00C5 (decimal 197)
   defining Unicode char U+00C6 (decimal 198)
   defining Unicode char U+00C7 (decimal 199)
   defining Unicode char U+00C8 (decimal 200)
   defining Unicode char U+00C9 (decimal 201)
   defining Unicode char U+00CA (decimal 202)
   defining Unicode char U+00CB (decimal 203)
   defining Unicode char U+00CC (decimal 204)
   defining Unicode char U+00CD (decimal 205)
   defining Unicode char U+00CE (decimal 206)
   defining Unicode char U+00CF (decimal 207)
   defining Unicode char U+00D0 (decimal 208)
   defining Unicode char U+00D1 (decimal 209)
   defining Unicode char U+00D2 (decimal 210)
   defining Unicode char U+00D3 (decimal 211)
   defining Unicode char U+00D4 (decimal 212)
   defining Unicode char U+00D5 (decimal 213)
   defining Unicode char U+00D6 (decimal 214)
   defining Unicode char U+00D8 (decimal 216)
   defining Unicode char U+00D9 (decimal 217)
   defining Unicode char U+00DA (decimal 218)
   defining Unicode char U+00DB (decimal 219)
   defining Unicode char U+00DC (decimal 220)
   defining Unicode char U+00DD (decimal 221)
   defining Unicode char U+00DE (decimal 222)
   defining Unicode char U+00DF (decimal 223)
   defining Unicode char U+00E0 (decimal 224)
   defining Unicode char U+00E1 (decimal 225)
   defining Unicode char U+00E2 (decimal 226)
   defining Unicode char U+00E3 (decimal 227)
   defining Unicode char U+00E4 (decimal 228)
   defining Unicode char U+00E5 (decimal 229)
   defining Unicode char U+00E6 (decimal 230)
   defining Unicode char U+00E7 (decimal 231)
   defining Unicode char U+00E8 (decimal 232)
   defining Unicode char U+00E9 (decimal 233)
   defining Unicode char U+00EA (decimal 234)
   defining Unicode char U+00EB (decimal 235)
   defining Unicode char U+00EC (decimal 236)
   defining Unicode char U+00ED (decimal 237)
   defining Unicode char U+00EE (decimal 238)
   defining Unicode char U+00EF (decimal 239)
   defining Unicode char U+00F0 (decimal 240)
   defining Unicode char U+00F1 (decimal 241)
   defining Unicode char U+00F2 (decimal 242)
   defining Unicode char U+00F3 (decimal 243)
   defining Unicode char U+00F4 (decimal 244)
   defining Unicode char U+00F5 (decimal 245)
   defining Unicode char U+00F6 (decimal 246)
   defining Unicode char U+00F8 (decimal 248)
   defining Unicode char U+00F9 (decimal 249)
   defining Unicode char U+00FA (decimal 250)
   defining Unicode char U+00FB (decimal 251)
   defining Unicode char U+00FC (decimal 252)
   defining Unicode char U+00FD (decimal 253)
   defining Unicode char U+00FE (decimal 254)
   defining Unicode char U+00FF (decimal 255)
   defining Unicode char U+0100 (decimal 256)
   defining Unicode char U+0101 (decimal 257)
   defining Unicode char U+0102 (decimal 258)
   defining Unicode char U+0103 (decimal 259)
   defining Unicode char U+0104 (decimal 260)
   defining Unicode char U+0105 (decimal 261)
   defining Unicode char U+0106 (decimal 262)
   defining Unicode char U+0107 (decimal 263)
   defining Unicode char U+0108 (decimal 264)
   defining Unicode char U+0109 (decimal 265)
   defining Unicode char U+010A (decimal 266)
   defining Unicode char U+010B (decimal 267)
   defining Unicode char U+010C (decimal 268)
   defining Unicode char U+010D (decimal 269)
   defining Unicode char U+010E (decimal 270)
   defining Unicode char U+010F (decimal 271)
   defining Unicode char U+0110 (decimal 272)
   defining Unicode char U+0111 (decimal 273)
   defining Unicode char U+0112 (decimal 274)
   defining Unicode char U+0113 (decimal 275)
   defining Unicode char U+0114 (decimal 276)
   defining Unicode char U+0115 (decimal 277)
   defining Unicode char U+0116 (decimal 278)
   defining Unicode char U+0117 (decimal 279)
   defining Unicode char U+0118 (decimal 280)
   defining Unicode char U+0119 (decimal 281)
   defining Unicode char U+011A (decimal 282)
   defining Unicode char U+011B (decimal 283)
   defining Unicode char U+011C (decimal 284)
   defining Unicode char U+011D (decimal 285)
   defining Unicode char U+011E (decimal 286)
   defining Unicode char U+011F (decimal 287)
   defining Unicode char U+0120 (decimal 288)
   defining Unicode char U+0121 (decimal 289)
   defining Unicode char U+0122 (decimal 290)
   defining Unicode char U+0123 (decimal 291)
   defining Unicode char U+0124 (decimal 292)
   defining Unicode char U+0125 (decimal 293)
   defining Unicode char U+0128 (decimal 296)
   defining Unicode char U+0129 (decimal 297)
   defining Unicode char U+012A (decimal 298)
   defining Unicode char U+012B (decimal 299)
   defining Unicode char U+012C (decimal 300)
   defining Unicode char U+012D (decimal 301)
   defining Unicode char U+012E (decimal 302)
   defining Unicode char U+012F (decimal 303)
   defining Unicode char U+0130 (decimal 304)
   defining Unicode char U+0131 (decimal 305)
   defining Unicode char U+0132 (decimal 306)
   defining Unicode char U+0133 (decimal 307)
   defining Unicode char U+0134 (decimal 308)
   defining Unicode char U+0135 (decimal 309)
   defining Unicode char U+0136 (decimal 310)
   defining Unicode char U+0137 (decimal 311)
   defining Unicode char U+0139 (decimal 313)
   defining Unicode char U+013A (decimal 314)
   defining Unicode char U+013B (decimal 315)
   defining Unicode char U+013C (decimal 316)
   defining Unicode char U+013D (decimal 317)
   defining Unicode char U+013E (decimal 318)
   defining Unicode char U+0141 (decimal 321)
   defining Unicode char U+0142 (decimal 322)
   defining Unicode char U+0143 (decimal 323)
   defining Unicode char U+0144 (decimal 324)
   defining Unicode char U+0145 (decimal 325)
   defining Unicode char U+0146 (decimal 326)
   defining Unicode char U+0147 (decimal 327)
   defining Unicode char U+0148 (decimal 328)
   defining Unicode char U+014A (decimal 330)
   defining Unicode char U+014B (decimal 331)
   defining Unicode char U+014C (decimal 332)
   defining Unicode char U+014D (decimal 333)
   defining Unicode char U+014E (decimal 334)
   defining Unicode char U+014F (decimal 335)
   defining Unicode char U+0150 (decimal 336)
   defining Unicode char U+0151 (decimal 337)
   defining Unicode char U+0152 (decimal 338)
   defining Unicode char U+0153 (decimal 339)
   defining Unicode char U+0154 (decimal 340)
   defining Unicode char U+0155 (decimal 341)
   defining Unicode char U+0156 (decimal 342)
   defining Unicode char U+0157 (decimal 343)
   defining Unicode char U+0158 (decimal 344)
   defining Unicode char U+0159 (decimal 345)
   defining Unicode char U+015A (decimal 346)
   defining Unicode char U+015B (decimal 347)
   defining Unicode char U+015C (decimal 348)
   defining Unicode char U+015D (decimal 349)
   defining Unicode char U+015E (decimal 350)
   defining Unicode char U+015F (decimal 351)
   defining Unicode char U+0160 (decimal 352)
   defining Unicode char U+0161 (decimal 353)
   defining Unicode char U+0162 (decimal 354)
   defining Unicode char U+0163 (decimal 355)
   defining Unicode char U+0164 (decimal 356)
   defining Unicode char U+0165 (decimal 357)
   defining Unicode char U+0168 (decimal 360)
   defining Unicode char U+0169 (decimal 361)
   defining Unicode char U+016A (decimal 362)
   defining Unicode char U+016B (decimal 363)
   defining Unicode char U+016C (decimal 364)
   defining Unicode char U+016D (decimal 365)
   defining Unicode char U+016E (decimal 366)
   defining Unicode char U+016F (decimal 367)
   defining Unicode char U+0170 (decimal 368)
   defining Unicode char U+0171 (decimal 369)
   defining Unicode char U+0172 (decimal 370)
   defining Unicode char U+0173 (decimal 371)
   defining Unicode char U+0174 (decimal 372)
   defining Unicode char U+0175 (decimal 373)
   defining Unicode char U+0176 (decimal 374)
   defining Unicode char U+0177 (decimal 375)
   defining Unicode char U+0178 (decimal 376)
   defining Unicode char U+0179 (decimal 377)
   defining Unicode char U+017A (decimal 378)
   defining Unicode char U+017B (decimal 379)
   defining Unicode char U+017C (decimal 380)
   defining Unicode char U+017D (decimal 381)
   defining Unicode char U+017E (decimal 382)
   defining Unicode char U+01CD (decimal 461)
   defining Unicode char U+01CE (decimal 462)
   defining Unicode char U+01CF (decimal 463)
   defining Unicode char U+01D0 (decimal 464)
   defining Unicode char U+01D1 (decimal 465)
   defining Unicode char U+01D2 (decimal 466)
   defining Unicode char U+01D3 (decimal 467)
   defining Unicode char U+01D4 (decimal 468)
   defining Unicode char U+01E2 (decimal 482)
   defining Unicode char U+01E3 (decimal 483)
   defining Unicode char U+01E6 (decimal 486)
   defining Unicode char U+01E7 (decimal 487)
   defining Unicode char U+01E8 (decimal 488)
   defining Unicode char U+01E9 (decimal 489)
   defining Unicode char U+01EA (decimal 490)
   defining Unicode char U+01EB (decimal 491)
   defining Unicode char U+01F0 (decimal 496)
   defining Unicode char U+01F4 (decimal 500)
   defining Unicode char U+01F5 (decimal 501)
   defining Unicode char U+0218 (decimal 536)
   defining Unicode char U+0219 (decimal 537)
   defining Unicode char U+021A (decimal 538)
   defining Unicode char U+021B (decimal 539)
   defining Unicode char U+01E02 (decimal 7682)
   defining Unicode char U+01E03 (decimal 7683)
   defining Unicode char U+200C (decimal 8204)
   defining Unicode char U+2013 (decimal 8211)
   defining Unicode char U+2014 (decimal 8212)
   defining Unicode char U+2018 (decimal 8216)
   defining Unicode char U+2019 (decimal 8217)
   defining Unicode char U+201A (decimal 8218)
   defining Unicode char U+201C (decimal 8220)
   defining Unicode char U+201D (decimal 8221)
   defining Unicode char U+201E (decimal 8222)
   defining Unicode char U+2030 (decimal 8240)
   defining Unicode char U+2031 (decimal 8241)
   defining Unicode char U+2039 (decimal 8249)
   defining Unicode char U+203A (decimal 8250)
   defining Unicode char U+2423 (decimal 9251)
)
Now handling font encoding OT1 ...
... processing UTF-8 mapping file for font encoding OT1

(/usr/share/texlive/texmf-dist/tex/latex/base/ot1enc.dfu
File: ot1enc.dfu 2015/12/03 v1.1r UTF-8 support for inputenc
   defining Unicode char U+00A0 (decimal 160)
   defining Unicode char U+00A1 (decimal 161)
   defining Unicode char U+00A3 (decimal 163)
   defining Unicode char U+00AD (decimal 173)
   defining Unicode char U+00B8 (decimal 184)
   defining Unicode char U+00BF (decimal 191)
   defining Unicode char U+00C5 (decimal 197)
   defining Unicode char U+00C6 (decimal 198)
   defining Unicode char U+00D8 (decimal 216)
   defining Unicode char U+00DF (decimal 223)
   defining Unicode char U+00E6 (decimal 230)
   defining Unicode char U+00EC (decimal 236)
   defining Unicode char U+00ED (decimal 237)
   defining Unicode char U+00EE (decimal 238)
   defining Unicode char U+00EF (decimal 239)
   defining Unicode char U+00F8 (decimal 248)
   defining Unicode char U+0131 (decimal 305)
   defining Unicode char U+0141 (decimal 321)
   defining Unicode char U+0142 (decimal 322)
   defining Unicode char U+0152 (decimal 338)
   defining Unicode char U+0153 (decimal 339)
   defining Unicode char U+0174 (decimal 372)
   defining Unicode char U+0175 (decimal 373)
   defining Unicode char U+0176 (decimal 374)
   defining Unicode char U+0177 (decimal 375)
   defining Unicode char U+0218 (decimal 536)
   defining Unicode char U+0219 (decimal 537)
   defining Unicode char U+021A (decimal 538)
   defining Unicode char U+021B (decimal 539)
   defining Unicode char U+2013 (decimal 8211)
   defining Unicode char U+2014 (decimal 8212)
   defining Unicode char U+2018 (decimal 8216)
   defining Unicode char U+2019 (decimal 8217)
   defining Unicode char U+201C (decimal 8220)
   defining Unicode char U+201D (decimal 8221)
)
Now handling font encoding OMS ...
... processing UTF-8 mapping file for font encoding OMS

(/usr/share/texlive/texmf-dist/tex/latex/base/omsenc.dfu
File: omsenc.dfu 2015/12/03 v1.1r UTF-8 support for inputenc
   defining Unicode char U+00A7 (decimal 167)
   defining Unicode char U+00B6 (decimal 182)
   defining Unicode char U+00B7 (decimal 183)
   defining Unicode char U+2020 (decimal 8224)
   defining Unicode char U+2021 (decimal 8225)
   defining Unicode char U+2022 (decimal 8226)
)
Now handling font encoding OMX ...
... no UTF-8 mapping file for font encoding OMX
Now handling font encoding U ...
... no UTF-8 mapping file for font encoding U
   defining Unicode char U+00A9 (decimal 169)
   defining Unicode char U+00AA (decimal 170)
   defining Unicode char U+00AE (decimal 174)
   defining Unicode char U+00BA (decimal 186)
   defining Unicode char U+02C6 (decimal 710)
   defining Unicode char U+02DC (decimal 732)
   defining Unicode char U+200C (decimal 8204)
   defining Unicode char U+2026 (decimal 8230)
   defining Unicode char U+2122 (decimal 8482)
   defining Unicode char U+2423 (decimal 9251)
))
(/usr/share/texlive/texmf-dist/tex/latex/preprint/authblk.sty
Package: authblk 2001/02/27 1.3 (PWD)
\affilsep=\skip43
\@affilsep=\skip44
\c@Maxaffil=\count88
\c@authors=\count89
\c@affil=\count90
)
(/usr/share/texlive/texmf-dist/tex/latex/geometry/geometry.sty
Package: geometry 2010/09/12 v5.6 Page Geometry

(/usr/share/texlive/texmf-dist/tex/latex/graphics/keyval.sty
Package: keyval 2014/10/28 v1.15 key=value parser (DPC)
\KV@toks@=\toks16
)
(/usr/share/texlive/texmf-dist/tex/generic/oberdiek/ifpdf.sty
Package: ifpdf 2011/01/30 v2.3 Provides the ifpdf switch (HO)
Package ifpdf Info: pdfTeX in PDF mode is detected.
)
(/usr/share/texlive/texmf-dist/tex/generic/oberdiek/ifvtex.sty
Package: ifvtex 2010/03/01 v1.5 Detect VTeX and its facilities (HO)
Package ifvtex Info: VTeX not detected.
)
(/usr/share/texlive/texmf-dist/tex/generic/ifxetex/ifxetex.sty
Package: ifxetex 2010/09/12 v0.6 Provides ifxetex conditional
)
\Gm@cnth=\count91
\Gm@cntv=\count92
\c@Gm@tempcnt=\count93
\Gm@bindingoffset=\dimen103
\Gm@wd@mp=\dimen104
\Gm@odd@mp=\dimen105
\Gm@even@mp=\dimen106
\Gm@layoutwidth=\dimen107
\Gm@layoutheight=\dimen108
\Gm@layouthoffset=\dimen109
\Gm@layoutvoffset=\dimen110
\Gm@dimlist=\toks17
)
(/usr/share/texlive/texmf-dist/tex/latex/graphics/graphicx.sty
Package: graphicx 2014/10/28 v1.0g Enhanced LaTeX Graphics (DPC,SPQR)

(/usr/share/texlive/texmf-dist/tex/latex/graphics/graphics.sty
Package: graphics 2016/01/03 v1.0q Standard LaTeX Graphics (DPC,SPQR)

(/usr/share/texlive/texmf-dist/tex/latex/graphics/trig.sty
Package: trig 2016/01/03 v1.10 sin cos tan (DPC)
)
(/usr/share/texlive/texmf-dist/tex/latex/latexconfig/graphics.cfg
File: graphics.cfg 2010/04/23 v1.9 graphics configuration of TeX Live
)
Package graphics Info: Driver file: pdftex.def on input line 95.

(/usr/share/texlive/texmf-dist/tex/latex/pdftex-def/pdftex.def
File: pdftex.def 2011/05/27 v0.06d Graphics/color for pdfTeX

(/usr/share/texlive/texmf-dist/tex/generic/oberdiek/infwarerr.sty
Package: infwarerr 2010/04/08 v1.3 Providing info/warning/error messages (HO)
)
(/usr/share/texlive/texmf-dist/tex/generic/oberdiek/ltxcmds.sty
Package: ltxcmds 2011/11/09 v1.22 LaTeX kernel commands for general use (HO)
)
\Gread@gobject=\count94
))
\Gin@req@height=\dimen111
\Gin@req@width=\dimen112
)
(/usr/share/texlive/texmf-dist/tex/latex/float/float.sty
Package: float 2001/11/08 v1.3d Float enhancements (AL)
\c@float@type=\count95
\float@exts=\toks18
\float@box=\box26
\@float@everytoks=\toks19
\@floatcapt=\box27
)
(/usr/share/texlive/texmf-dist/tex/latex/cite/cite.sty
LaTeX Info: Redefining \cite on input line 302.
LaTeX Info: Redefining \nocite on input line 332.
Package: cite 2015/02/27  v 5.5
)
(/usr/share/texlive/texmf-dist/tex/latex/caption/caption.sty
Package: caption 2016/02/21 v3.3-144 Customizing captions (AR)

(/usr/share/texlive/texmf-dist/tex/latex/caption/caption3.sty
Package: caption3 2016/02/04 v1.7-139 caption3 kernel (AR)
Package caption3 Info: TeX engine: e-TeX on input line 67.
\captionmargin=\dimen113
\captionmargin@=\dimen114
\captionwidth=\dimen115
\caption@tempdima=\dimen116
\caption@indent=\dimen117
\caption@parindent=\dimen118
\caption@hangindent=\dimen119
)
\c@ContinuedFloat=\count96
Package caption Info: float package is loaded.
)
(/usr/share/texlive/texmf-dist/tex/latex/caption/subcaption.sty
Package: subcaption 2016/02/20 v1.1-142 Sub-captions (AR)
\c@subfigure=\count97
\c@subtable=\count98
)
(/usr/share/texlive/texmf-dist/tex/latex/hyperref/hyperref.sty
Package: hyperref 2012/11/06 v6.83m Hypertext links for LaTeX

(/usr/share/texlive/texmf-dist/tex/generic/oberdiek/hobsub-hyperref.sty
Package: hobsub-hyperref 2012/05/28 v1.13 Bundle oberdiek, subset hyperref (HO)


(/usr/share/texlive/texmf-dist/tex/generic/oberdiek/hobsub-generic.sty
Package: hobsub-generic 2012/05/28 v1.13 Bundle oberdiek, subset generic (HO)
Package: hobsub 2012/05/28 v1.13 Construct package bundles (HO)
Package hobsub Info: Skipping package `infwarerr' (already loaded).
Package hobsub Info: Skipping package `ltxcmds' (already loaded).
Package: ifluatex 2010/03/01 v1.3 Provides the ifluatex switch (HO)
Package ifluatex Info: LuaTeX not detected.
Package hobsub Info: Skipping package `ifvtex' (already loaded).
Package: intcalc 2007/09/27 v1.1 Expandable calculations with integers (HO)
Package hobsub Info: Skipping package `ifpdf' (already loaded).
Package: etexcmds 2011/02/16 v1.5 Avoid name clashes with e-TeX commands (HO)
Package etexcmds Info: Could not find \expanded.
(etexcmds)             That can mean that you are not using pdfTeX 1.50 or
(etexcmds)             that some package has redefined \expanded.
(etexcmds)             In the latter case, load this package earlier.
Package: kvsetkeys 2012/04/25 v1.16 Key value parser (HO)
Package: kvdefinekeys 2011/04/07 v1.3 Define keys (HO)
Package: pdftexcmds 2011/11/29 v0.20 Utility functions of pdfTeX for LuaTeX (HO
)
Package pdftexcmds Info: LuaTeX not detected.
Package pdftexcmds Info: \pdf@primitive is available.
Package pdftexcmds Info: \pdf@ifprimitive is available.
Package pdftexcmds Info: \pdfdraftmode found.
Package: pdfescape 2011/11/25 v1.13 Implements pdfTeX's escape features (HO)
Package: bigintcalc 2012/04/08 v1.3 Expandable calculations on big integers (HO
)
Package: bitset 2011/01/30 v1.1 Handle bit-vector datatype (HO)
Package: uniquecounter 2011/01/30 v1.2 Provide unlimited unique counter (HO)
)
Package hobsub Info: Skipping package `hobsub' (already loaded).
Package: letltxmacro 2010/09/02 v1.4 Let assignment for LaTeX macros (HO)
Package: hopatch 2012/05/28 v1.2 Wrapper for package hooks (HO)
Package: xcolor-patch 2011/01/30 xcolor patch
Package: atveryend 2011/06/30 v1.8 Hooks at the very end of document (HO)
Package atveryend Info: \enddocument detected (standard20110627).
Package: atbegshi 2011/10/05 v1.16 At begin shipout hook (HO)
Package: refcount 2011/10/16 v3.4 Data extraction from label references (HO)
Package: hycolor 2011/01/30 v1.7 Color options for hyperref/bookmark (HO)
)
(/usr/share/texlive/texmf-dist/tex/latex/oberdiek/auxhook.sty
Package: auxhook 2011/03/04 v1.3 Hooks for auxiliary files (HO)
)
(/usr/share/texlive/texmf-dist/tex/latex/oberdiek/kvoptions.sty
Package: kvoptions 2011/06/30 v3.11 Key value format for package options (HO)
)
\@linkdim=\dimen120
\Hy@linkcounter=\count99
\Hy@pagecounter=\count100

(/usr/share/texlive/texmf-dist/tex/latex/hyperref/pd1enc.def
File: pd1enc.def 2012/11/06 v6.83m Hyperref: PDFDocEncoding definition (HO)
Now handling font encoding PD1 ...
... no UTF-8 mapping file for font encoding PD1
)
\Hy@SavedSpaceFactor=\count101

(/usr/share/texlive/texmf-dist/tex/latex/latexconfig/hyperref.cfg
File: hyperref.cfg 2002/06/06 v1.2 hyperref configuration of TeXLive
)
Package hyperref Info: Hyper figures OFF on input line 4443.
Package hyperref Info: Link nesting OFF on input line 4448.
Package hyperref Info: Hyper index ON on input line 4451.
Package hyperref Info: Plain pages OFF on input line 4458.
Package hyperref Info: Backreferencing OFF on input line 4463.
Package hyperref Info: Implicit mode ON; LaTeX internals redefined.
Package hyperref Info: Bookmarks ON on input line 4688.
\c@Hy@tempcnt=\count102

(/usr/share/texlive/texmf-dist/tex/latex/url/url.sty
\Urlmuskip=\muskip10
Package: url 2013/09/16  ver 3.4  Verb mode for urls, etc.
)
LaTeX Info: Redefining \url on input line 5041.
\XeTeXLinkMargin=\dimen121
\Fld@menulength=\count103
\Field@Width=\dimen122
\Fld@charsize=\dimen123
Package hyperref Info: Hyper figures OFF on input line 6295.
Package hyperref Info: Link nesting OFF on input line 6300.
Package hyperref Info: Hyper index ON on input line 6303.
Package hyperref Info: backreferencing OFF on input line 6310.
Package hyperref Info: Link coloring OFF on input line 6315.
Package hyperref Info: Link coloring with OCG OFF on input line 6320.
Package hyperref Info: PDF/A mode OFF on input line 6325.
LaTeX Info: Redefining \ref on input line 6365.
LaTeX Info: Redefining \pageref on input line 6369.
\Hy@abspage=\count104
\c@Item=\count105
\c@Hfootnote=\count106
)

Package hyperref Message: Driver (autodetected): hpdftex.

(/usr/share/texlive/texmf-dist/tex/latex/hyperref/hpdftex.def
File: hpdftex.def 2012/11/06 v6.83m Hyperref driver for pdfTeX
\Fld@listcount=\count107
\c@bookmark@seq@number=\count108

(/usr/share/texlive/texmf-dist/tex/latex/oberdiek/rerunfilecheck.sty
Package: rerunfilecheck 2011/04/15 v1.7 Rerun checks for auxiliary files (HO)
Package uniquecounter Info: New unique counter `rerunfilecheck' on input line 2
82.
)
\Hy@SectionHShift=\skip45
)
(/usr/share/texlive/texmf-dist/tex/latex/natbib/natbib.sty
Package: natbib 2010/09/13 8.31b (PWD, AO)


Package natbib Warning: The `cite' package should not be used
(natbib)                with natbib. Use option `sort' instead.

\bibhang=\skip46
\bibsep=\skip47
LaTeX Info: Redefining \cite on input line 694.
LaTeX Info: Redefining \citenum on input line 708.
\c@NAT@ctr=\count109
) (/usr/share/texlive/texmf-dist/tex/latex/rotating/rotating.sty
Package: rotating 2009/03/28 v2.16a rotated objects in LaTeX

(/usr/share/texlive/texmf-dist/tex/latex/base/ifthen.sty
Package: ifthen 2014/09/29 v1.1c Standard LaTeX ifthen package (DPC)
)
\c@r@tfl@t=\count110
\rotFPtop=\skip48
\rotFPbot=\skip49
\rot@float@box=\box28
\rot@mess@toks=\toks20
)
(/usr/share/texlive/texmf-dist/tex/latex/lineno/lineno.sty
Package: lineno 2005/11/02 line numbers on paragraphs v4.41
\linenopenalty=\count111
\output=\toks21
\linenoprevgraf=\count112
\linenumbersep=\dimen124
\linenumberwidth=\dimen125
\c@linenumber=\count113
\c@pagewiselinenumber=\count114
\c@LN@truepage=\count115
\c@internallinenumber=\count116
\c@internallinenumbers=\count117
\quotelinenumbersep=\dimen126
\bframerule=\dimen127
\bframesep=\dimen128
\bframebox=\box29
LaTeX Info: Redefining \\ on input line 3056.
)
(/usr/share/texlive/texmf-dist/tex/latex/amsmath/amsmath.sty
Package: amsmath 2016/03/03 v2.15a AMS math features
\@mathmargin=\skip50

For additional information on amsmath, use the `?' option.
(/usr/share/texlive/texmf-dist/tex/latex/amsmath/amstext.sty
Package: amstext 2000/06/29 v2.01 AMS text

(/usr/share/texlive/texmf-dist/tex/latex/amsmath/amsgen.sty
File: amsgen.sty 1999/11/30 v2.0 generic functions
\@emptytoks=\toks22
\ex@=\dimen129
))
(/usr/share/texlive/texmf-dist/tex/latex/amsmath/amsbsy.sty
Package: amsbsy 1999/11/29 v1.2d Bold Symbols
\pmbraise@=\dimen130
)
(/usr/share/texlive/texmf-dist/tex/latex/amsmath/amsopn.sty
Package: amsopn 1999/12/14 v2.01 operator names
)
\inf@bad=\count118
LaTeX Info: Redefining \frac on input line 199.
\uproot@=\count119
\leftroot@=\count120
LaTeX Info: Redefining \overline on input line 297.
\classnum@=\count121
\DOTSCASE@=\count122
LaTeX Info: Redefining \ldots on input line 394.
LaTeX Info: Redefining \dots on input line 397.
LaTeX Info: Redefining \cdots on input line 518.
\Mathstrutbox@=\box30
\strutbox@=\box31
\big@size=\dimen131
LaTeX Font Info:    Redeclaring font encoding OML on input line 630.
LaTeX Font Info:    Redeclaring font encoding OMS on input line 631.
\macc@depth=\count123
\c@MaxMatrixCols=\count124
\dotsspace@=\muskip11
\c@parentequation=\count125
\dspbrk@lvl=\count126
\tag@help=\toks23
\row@=\count127
\column@=\count128
\maxfields@=\count129
\andhelp@=\toks24
\eqnshift@=\dimen132
\alignsep@=\dimen133
\tagshift@=\dimen134
\tagwidth@=\dimen135
\totwidth@=\dimen136
\lineht@=\dimen137
\@envbody=\toks25
\multlinegap=\skip51
\multlinetaggap=\skip52
\mathdisplay@stack=\toks26
LaTeX Info: Redefining \[ on input line 2735.
LaTeX Info: Redefining \] on input line 2736.
)
(/usr/share/texlive/texmf-dist/tex/latex/amsfonts/amssymb.sty
Package: amssymb 2013/01/14 v3.01 AMS font symbols

(/usr/share/texlive/texmf-dist/tex/latex/amsfonts/amsfonts.sty
Package: amsfonts 2013/01/14 v3.01 Basic AMSFonts support
\symAMSa=\mathgroup4
\symAMSb=\mathgroup5
LaTeX Font Info:    Overwriting math alphabet `\mathfrak' in version `bold'
(Font)                  U/euf/m/n --> U/euf/b/n on input line 106.
))
(/usr/share/texlive/texmf-dist/tex/latex/enumitem/enumitem.sty
Package: enumitem 2011/09/28 v3.5.2 Customized lists
\labelindent=\skip53
\enit@outerparindent=\dimen138
\enit@toks=\toks27
\enit@inbox=\box32
\enitdp@description=\count130
)
(/usr/share/texlive/texmf-dist/tex/latex/cleveref/cleveref.sty
Package: cleveref 2013/12/28 v0.19 Intelligent cross-referencing
Package cleveref Info: `hyperref' support loaded on input line 2230.
LaTeX Info: Redefining \cref on input line 2230.
LaTeX Info: Redefining \Cref on input line 2230.
LaTeX Info: Redefining \crefrange on input line 2230.
LaTeX Info: Redefining \Crefrange on input line 2230.
LaTeX Info: Redefining \cpageref on input line 2230.
LaTeX Info: Redefining \Cpageref on input line 2230.
LaTeX Info: Redefining \cpagerefrange on input line 2230.
LaTeX Info: Redefining \Cpagerefrange on input line 2230.
LaTeX Info: Redefining \labelcref on input line 2230.
LaTeX Info: Redefining \labelcpageref on input line 2230.
)
(/usr/share/texlive/texmf-dist/tex/latex/appendix/appendix.sty
Package: appendix 2009/09/02 v1.2b extra appendix facilities
\c@@pps=\count131
\c@@ppsavesec=\count132
\c@@ppsaveapp=\count133
)
(./PID_AnalysisNote.aux)
\openout1 = `PID_AnalysisNote.aux'.

LaTeX Font Info:    Checking defaults for OML/cmm/m/it on input line 61.
LaTeX Font Info:    ... okay on input line 61.
LaTeX Font Info:    Checking defaults for T1/cmr/m/n on input line 61.
LaTeX Font Info:    ... okay on input line 61.
LaTeX Font Info:    Checking defaults for OT1/cmr/m/n on input line 61.
LaTeX Font Info:    ... okay on input line 61.
LaTeX Font Info:    Checking defaults for OMS/cmsy/m/n on input line 61.
LaTeX Font Info:    ... okay on input line 61.
LaTeX Font Info:    Checking defaults for OMX/cmex/m/n on input line 61.
LaTeX Font Info:    ... okay on input line 61.
LaTeX Font Info:    Checking defaults for U/cmr/m/n on input line 61.
LaTeX Font Info:    ... okay on input line 61.
LaTeX Font Info:    Checking defaults for PD1/pdf/m/n on input line 61.
LaTeX Font Info:    ... okay on input line 61.

*geometry* driver: auto-detecting
*geometry* detected driver: pdftex
*geometry* verbose mode - [ preamble ] result:
* driver: pdftex
* paper: a4paper
* layout: <same size as paper>
* layoutoffset:(h,v)=(0.0pt,0.0pt)
* modes: 
* h-part:(L,W,R)=(89.62709pt, 418.25368pt, 89.6271pt)
* v-part:(T,H,B)=(101.40665pt, 591.5302pt, 152.11pt)
* \paperwidth=597.50787pt
* \paperheight=845.04684pt
* \textwidth=418.25368pt
* \textheight=591.5302pt
* \oddsidemargin=17.3571pt
* \evensidemargin=17.3571pt
* \topmargin=-7.86334pt
* \headheight=12.0pt
* \headsep=25.0pt
* \topskip=10.0pt
* \footskip=30.0pt
* \marginparwidth=57.0pt
* \marginparsep=11.0pt
* \columnsep=10.0pt
* \skip\footins=9.0pt plus 4.0pt minus 2.0pt
* \hoffset=0.0pt
* \voffset=0.0pt
* \mag=1000
* \@twocolumnfalse
* \@twosidefalse
* \@mparswitchfalse
* \@reversemarginfalse
* (1in=72.27pt=25.4mm, 1cm=28.453pt)

(/usr/share/texlive/texmf-dist/tex/context/base/supp-pdf.mkii
[Loading MPS to PDF converter (version 2006.09.02).]
\scratchcounter=\count134
\scratchdimen=\dimen139
\scratchbox=\box33
\nofMPsegments=\count135
\nofMParguments=\count136
\everyMPshowfont=\toks28
\MPscratchCnt=\count137
\MPscratchDim=\dimen140
\MPnumerator=\count138
\makeMPintoPDFobject=\count139
\everyMPtoPDFconversion=\toks29
) (/usr/share/texlive/texmf-dist/tex/latex/oberdiek/epstopdf-base.sty
Package: epstopdf-base 2010/02/09 v2.5 Base part for package epstopdf

(/usr/share/texlive/texmf-dist/tex/latex/oberdiek/grfext.sty
Package: grfext 2010/08/19 v1.1 Manage graphics extensions (HO)
)
Package grfext Info: Graphics extension search list:
(grfext)             [.png,.pdf,.jpg,.mps,.jpeg,.jbig2,.jb2,.PNG,.PDF,.JPG,.JPE
G,.JBIG2,.JB2,.eps]
(grfext)             \AppendGraphicsExtensions on input line 452.

(/usr/share/texlive/texmf-dist/tex/latex/latexconfig/epstopdf-sys.cfg
File: epstopdf-sys.cfg 2010/07/13 v1.3 Configuration of (r)epstopdf for TeX Liv
e
))
Package caption Info: Begin \AtBeginDocument code.
Package caption Info: hyperref package is loaded.
Package caption Info: rotating package is loaded.
Package caption Info: End \AtBeginDocument code.
\AtBeginShipoutBox=\box34
Package hyperref Info: Link coloring OFF on input line 61.

(/usr/share/texlive/texmf-dist/tex/latex/hyperref/nameref.sty
Package: nameref 2012/10/27 v2.43 Cross-referencing by name of section

(/usr/share/texlive/texmf-dist/tex/generic/oberdiek/gettitlestring.sty
Package: gettitlestring 2010/12/03 v1.4 Cleanup title references (HO)
)
\c@section@level=\count140
)
LaTeX Info: Redefining \ref on input line 61.
LaTeX Info: Redefining \pageref on input line 61.
LaTeX Info: Redefining \nameref on input line 61.

(./PID_AnalysisNote.out) (./PID_AnalysisNote.out)
\@outlinefile=\write3
\openout3 = `PID_AnalysisNote.out'.

LaTeX Font Info:    Try loading font information for U+msa on input line 66.

(/usr/share/texlive/texmf-dist/tex/latex/amsfonts/umsa.fd
File: umsa.fd 2013/01/14 v3.01 AMS symbols A
)
LaTeX Font Info:    Try loading font information for U+msb on input line 66.

(/usr/share/texlive/texmf-dist/tex/latex/amsfonts/umsb.fd
File: umsb.fd 2013/01/14 v3.01 AMS symbols B
)
<graphics/STAR_logo.pdf, id=100, 283.68053pt x 199.9972pt>
File: graphics/STAR_logo.pdf Graphic file (type pdf)

<use graphics/STAR_logo.pdf>
Package pdftex.def Info: graphics/STAR_logo.pdf used on input line 68.
(pdftex.def)             Requested size: 62.73549pt x 44.2284pt.
 [1

{/var/lib/texmf/fonts/map/pdftex/updmap/pdftex.map} <./graphics/STAR_logo.pdf>]
 [2]
*geometry* verbose mode - [ newgeometry ] result:
* driver: pdftex
* paper: a4paper
* layout: <same size as paper>
* layoutoffset:(h,v)=(0.0pt,0.0pt)
* modes: 
* h-part:(L,W,R)=(56.9055pt, 483.69687pt, 56.9055pt)
* v-part:(T,H,B)=(48.93872pt, 722.7pt, 73.40813pt)
* \paperwidth=597.50787pt
* \paperheight=845.04684pt
* \textwidth=483.69687pt
* \textheight=722.7pt
* \oddsidemargin=-15.36449pt
* \evensidemargin=-15.36449pt
* \topmargin=-60.33127pt
* \headheight=12.0pt
* \headsep=25.0pt
* \topskip=10.0pt
* \footskip=30.0pt
* \marginparwidth=57.0pt
* \marginparsep=11.0pt
* \columnsep=10.0pt
* \skip\footins=9.0pt plus 4.0pt minus 2.0pt
* \hoffset=0.0pt
* \voffset=0.0pt
* \mag=1000
* \@twocolumnfalse
* \@twosidefalse
* \@mparswitchfalse
* \@reversemarginfalse
* (1in=72.27pt=25.4mm, 1cm=28.453pt)

 (./PID_AnalysisNote.toc)
\tf@toc=\write4
\openout4 = `PID_AnalysisNote.toc'.


(./Introduction.tex [3



]
Chapter 1.

Package hyperref Warning: Token not allowed in a PDF string (PDFDocEncoding):
(hyperref)                removing `math shift' on input line 10.


Package hyperref Warning: Token not allowed in a PDF string (PDFDocEncoding):
(hyperref)                removing `math shift' on input line 10.

<graphics/introduction/cd.png, id=168, 361.35pt x 285.065pt>
File: graphics/introduction/cd.png Graphic file (type png)

<use graphics/introduction/cd.png>
Package pdftex.def Info: graphics/introduction/cd.png used on input line 21.
(pdftex.def)             Requested size: 234.10614pt x 184.68544pt.

<graphics/introduction/sd.png, id=170, 361.35pt x 286.06876pt>
File: graphics/introduction/sd.png Graphic file (type png)

<use graphics/introduction/sd.png>
Package pdftex.def Info: graphics/introduction/sd.png used on input line 28.
(pdftex.def)             Requested size: 234.10614pt x 185.33574pt.
 [4

 <./graphics/introduction/cd.png> <./graphics/introduction/sd.png>]) (./Dataset
.tex [5]
Chapter 2.
) (./Analysis.tex [6

]
Chapter 3.
(./selection.tex) (./accidentalBkg.tex [7

]
LaTeX Font Info:    Try loading font information for OMS+cmr on input line 8.

(/usr/share/texlive/texmf-dist/tex/latex/base/omscmr.fd
File: omscmr.fd 2014/09/29 v2.5h Standard LaTeX font definitions
)
LaTeX Font Info:    Font shape `OMS/cmr/m/n' in size <10> not available
(Font)              Font shape `OMS/cmsy/m/n' tried instead on input line 8.

<graphics/accidentals/accidentalBkg_1RP.pdf, id=251, page=1, 569.12625pt x 408.
52625pt>
File: graphics/accidentals/accidentalBkg_1RP.pdf Graphic file (type pdf)
 <use graphics/accidentals/accidentalBkg_1RP.pdf, page 1>
Package pdftex.def Info: graphics/accidentals/accidentalBkg_1RP.pdf, page1 used
 on input line 26.
(pdftex.def)             Requested size: 232.17242pt x 166.6553pt.

<graphics/accidentals/accidentalBkg_2RP_cd.pdf, id=252, 569.12625pt x 408.52625
pt>
File: graphics/accidentals/accidentalBkg_2RP_cd.pdf Graphic file (type pdf)
 <use graphics/accidentals/accidentalBkg_2RP_cd.pdf>
Package pdftex.def Info: graphics/accidentals/accidentalBkg_2RP_cd.pdf used on 
input line 33.
(pdftex.def)             Requested size: 232.17242pt x 166.6553pt.

<graphics/accidentals/accidentalBkg_1RP.pdf, id=254, page=14, 569.12625pt x 408
.52625pt>
File: graphics/accidentals/accidentalBkg_1RP.pdf Graphic file (type pdf)
 <use graphics/accidentals/accidentalBkg_1RP.pdf, page 14>
Package pdftex.def Info: graphics/accidentals/accidentalBkg_1RP.pdf, page14 use
d on input line 47.
(pdftex.def)             Requested size: 232.17242pt x 166.6553pt.

<graphics/accidentals/accidentalBkg_1RP.pdf, id=255, page=15, 569.12625pt x 408
.52625pt>
File: graphics/accidentals/accidentalBkg_1RP.pdf Graphic file (type pdf)
 <use graphics/accidentals/accidentalBkg_1RP.pdf, page 15>
Package pdftex.def Info: graphics/accidentals/accidentalBkg_1RP.pdf, page15 use
d on input line 54.
(pdftex.def)             Requested size: 232.17242pt x 166.6553pt.

<graphics/accidentals/accidentalBkg.pdf, id=256, page=14, 569.12625pt x 408.526
25pt>
File: graphics/accidentals/accidentalBkg.pdf Graphic file (type pdf)
 <use graphics/accidentals/accidentalBkg.pdf, page 14>
Package pdftex.def Info: graphics/accidentals/accidentalBkg.pdf, page14 used on
 input line 60.
(pdftex.def)             Requested size: 232.17242pt x 166.6553pt.

<graphics/accidentals/accidentalBkg.pdf, id=257, page=15, 569.12625pt x 408.526
25pt>
File: graphics/accidentals/accidentalBkg.pdf Graphic file (type pdf)
 <use graphics/accidentals/accidentalBkg.pdf, page 15>
Package pdftex.def Info: graphics/accidentals/accidentalBkg.pdf, page15 used on
 input line 67.
(pdftex.def)             Requested size: 232.17242pt x 166.6553pt.
 [8 <./graphics/accidentals/accidentalBkg_1RP.pdf, page is rotated 90 degrees> 
<./graphics/accidentals/accidentalBkg_2RP_cd.pdf, page is rotated 90 degrees>]
<graphics/accidentals/accidentalBkg.pdf, id=353, page=33, 569.12625pt x 408.526
25pt>
File: graphics/accidentals/accidentalBkg.pdf Graphic file (type pdf)
 <use graphics/accidentals/accidentalBkg.pdf, page 33>
Package pdftex.def Info: graphics/accidentals/accidentalBkg.pdf, page33 used on
 input line 79.
(pdftex.def)             Requested size: 232.17242pt x 166.6553pt.

<graphics/accidentals/accidentalBkg.pdf, id=354, page=37, 569.12625pt x 408.526
25pt>
File: graphics/accidentals/accidentalBkg.pdf Graphic file (type pdf)
 <use graphics/accidentals/accidentalBkg.pdf, page 37>
Package pdftex.def Info: graphics/accidentals/accidentalBkg.pdf, page37 used on
 input line 86.
(pdftex.def)             Requested size: 232.17242pt x 166.6553pt.
 [9 <./graphics/accidentals/accidentalBkg_1RP.pdf, page is rotated 90 degrees> 
<./graphics/accidentals/accidentalBkg_1RP.pdf, page is rotated 90 degrees> <./g
raphics/accidentals/accidentalBkg.pdf, page is rotated 90 degrees> <./graphics/
accidentals/accidentalBkg.pdf, page is rotated 90 degrees>]
<graphics/accidentals/accidentalBkg_XiCut2.pdf, id=407, page=1, 569.12625pt x 4
08.52625pt>
File: graphics/accidentals/accidentalBkg_XiCut2.pdf Graphic file (type pdf)
 <use graphics/accidentals/accidentalBkg_XiCut2.pdf, page 1>
Package pdftex.def Info: graphics/accidentals/accidentalBkg_XiCut2.pdf, page1 u
sed on input line 99.
(pdftex.def)             Requested size: 232.17242pt x 166.6553pt.

<graphics/accidentals/accidentalBkg_XiCut2.pdf, id=408, page=33, 569.12625pt x 
408.52625pt>
File: graphics/accidentals/accidentalBkg_XiCut2.pdf Graphic file (type pdf)
 <use graphics/accidentals/accidentalBkg_XiCut2.pdf, page 33>
Package pdftex.def Info: graphics/accidentals/accidentalBkg_XiCut2.pdf, page33 
used on input line 106.
(pdftex.def)             Requested size: 232.17242pt x 166.6553pt.

<graphics/accidentals/accidentalBkg_XiCut2.pdf, id=409, page=14, 569.12625pt x 
408.52625pt>
File: graphics/accidentals/accidentalBkg_XiCut2.pdf Graphic file (type pdf)
 <use graphics/accidentals/accidentalBkg_XiCut2.pdf, page 14>
Package pdftex.def Info: graphics/accidentals/accidentalBkg_XiCut2.pdf, page14 
used on input line 117.
(pdftex.def)             Requested size: 232.17242pt x 166.6553pt.

<graphics/accidentals/accidentalBkg_XiCut2.pdf, id=410, page=15, 569.12625pt x 
408.52625pt>
File: graphics/accidentals/accidentalBkg_XiCut2.pdf Graphic file (type pdf)
 <use graphics/accidentals/accidentalBkg_XiCut2.pdf, page 15>
Package pdftex.def Info: graphics/accidentals/accidentalBkg_XiCut2.pdf, page15 
used on input line 124.
(pdftex.def)             Requested size: 232.17242pt x 166.6553pt.

<graphics/accidentals/accidentalBkg_XiCut2.pdf, id=411, page=2, 569.12625pt x 4
08.52625pt>
File: graphics/accidentals/accidentalBkg_XiCut2.pdf Graphic file (type pdf)
 <use graphics/accidentals/accidentalBkg_XiCut2.pdf, page 2>
Package pdftex.def Info: graphics/accidentals/accidentalBkg_XiCut2.pdf, page2 u
sed on input line 135.
(pdftex.def)             Requested size: 232.17242pt x 166.6553pt.

<graphics/accidentals/accidentalBkg_XiCut2.pdf, id=412, page=5, 569.12625pt x 4
08.52625pt>
File: graphics/accidentals/accidentalBkg_XiCut2.pdf Graphic file (type pdf)
 <use graphics/accidentals/accidentalBkg_XiCut2.pdf, page 5>
Package pdftex.def Info: graphics/accidentals/accidentalBkg_XiCut2.pdf, page5 u
sed on input line 142.
(pdftex.def)             Requested size: 232.17242pt x 166.6553pt.

[10 <./graphics/accidentals/accidentalBkg.pdf, page is rotated 90 degrees> <./g
raphics/accidentals/accidentalBkg.pdf, page is rotated 90 degrees> <./graphics/
accidentals/accidentalBkg_XiCut2.pdf, page is rotated 90 degrees> <./graphics/a
ccidentals/accidentalBkg_XiCut2.pdf, page is rotated 90 degrees>]
<graphics/accidentals/accidentalBkg_2RP_cd.pdf, id=462, page=49, 569.12625pt x 
408.52625pt>
File: graphics/accidentals/accidentalBkg_2RP_cd.pdf Graphic file (type pdf)
 <use graphics/accidentals/accidentalBkg_2RP_cd.pdf, page 49>
Package pdftex.def Info: graphics/accidentals/accidentalBkg_2RP_cd.pdf, page49 
used on input line 157.
(pdftex.def)             Requested size: 232.17242pt x 166.6553pt.

<graphics/accidentals/accidentalBkg_2RP_cd.pdf, id=463, page=55, 569.12625pt x 
408.52625pt>
File: graphics/accidentals/accidentalBkg_2RP_cd.pdf Graphic file (type pdf)
 <use graphics/accidentals/accidentalBkg_2RP_cd.pdf, page 55>
Package pdftex.def Info: graphics/accidentals/accidentalBkg_2RP_cd.pdf, page55 
used on input line 164.
(pdftex.def)             Requested size: 232.17242pt x 166.6553pt.

<graphics/accidentals/accidentalBkg_2RP_cd_scale.pdf, id=464, page=7, 569.12625
pt x 408.52625pt>
File: graphics/accidentals/accidentalBkg_2RP_cd_scale.pdf Graphic file (type pd
f)

<use graphics/accidentals/accidentalBkg_2RP_cd_scale.pdf, page 7>
Package pdftex.def Info: graphics/accidentals/accidentalBkg_2RP_cd_scale.pdf, p
age7 used on input line 170.
(pdftex.def)             Requested size: 232.17242pt x 166.6553pt.
 [11 <./graphics/accidentals/accidentalBkg_XiCut2.pdf, page is rotated 90 degre
es> <./graphics/accidentals/accidentalBkg_XiCut2.pdf, page is rotated 90 degree
s> <./graphics/accidentals/accidentalBkg_XiCut2.pdf, page is rotated 90 degrees
> <./graphics/accidentals/accidentalBkg_XiCut2.pdf, page is rotated 90 degrees>
]
<graphics/accidentals/accidentalBkg_2RP_cd_Coll.pdf, id=472, page=26, 569.12625
pt x 408.52625pt>
File: graphics/accidentals/accidentalBkg_2RP_cd_Coll.pdf Graphic file (type pdf
)

<use graphics/accidentals/accidentalBkg_2RP_cd_Coll.pdf, page 26>
Package pdftex.def Info: graphics/accidentals/accidentalBkg_2RP_cd_Coll.pdf, pa
ge26 used on input line 185.
(pdftex.def)             Requested size: 232.17242pt x 166.6553pt.

<graphics/accidentals/accidentalBkg_2RP_cd_cut_NoColl.pdf, id=473, page=1, 569.
12625pt x 408.52625pt>
File: graphics/accidentals/accidentalBkg_2RP_cd_cut_NoColl.pdf Graphic file (ty
pe pdf)

<use graphics/accidentals/accidentalBkg_2RP_cd_cut_NoColl.pdf, page 1>
Package pdftex.def Info: graphics/accidentals/accidentalBkg_2RP_cd_cut_NoColl.p
df, page1 used on input line 192.
(pdftex.def)             Requested size: 232.17242pt x 166.6553pt.

<graphics/accidentals/accidentalBkg_2RP_cd_cut_NoColl.pdf, id=474, page=54, 569
.12625pt x 408.52625pt>
File: graphics/accidentals/accidentalBkg_2RP_cd_cut_NoColl.pdf Graphic file (ty
pe pdf)

<use graphics/accidentals/accidentalBkg_2RP_cd_cut_NoColl.pdf, page 54>
Package pdftex.def Info: graphics/accidentals/accidentalBkg_2RP_cd_cut_NoColl.p
df, page54 used on input line 198.
(pdftex.def)             Requested size: 232.17242pt x 166.6553pt.

[12 <./graphics/accidentals/accidentalBkg_2RP_cd.pdf, page is rotated 90 degree
s> <./graphics/accidentals/accidentalBkg_2RP_cd.pdf, page is rotated 90 degrees
> <./graphics/accidentals/accidentalBkg_2RP_cd_scale.pdf, page is rotated 90 de
grees>]
<graphics/accidentals/accidentalBkg_2RP_cd_cut_NoColl.pdf, id=570, page=35, 569
.12625pt x 408.52625pt>
File: graphics/accidentals/accidentalBkg_2RP_cd_cut_NoColl.pdf Graphic file (ty
pe pdf)

<use graphics/accidentals/accidentalBkg_2RP_cd_cut_NoColl.pdf, page 35>
Package pdftex.def Info: graphics/accidentals/accidentalBkg_2RP_cd_cut_NoColl.p
df, page35 used on input line 210.
(pdftex.def)             Requested size: 232.17242pt x 166.6553pt.

<graphics/accidentals/accidentalBkg_2RP_cd_cut_NoColl.pdf, id=571, page=43, 569
.12625pt x 408.52625pt>
File: graphics/accidentals/accidentalBkg_2RP_cd_cut_NoColl.pdf Graphic file (ty
pe pdf)

<use graphics/accidentals/accidentalBkg_2RP_cd_cut_NoColl.pdf, page 43>
Package pdftex.def Info: graphics/accidentals/accidentalBkg_2RP_cd_cut_NoColl.p
df, page43 used on input line 217.
(pdftex.def)             Requested size: 232.17242pt x 166.6553pt.

<graphics/accidentals/accidentalBkg_2RP_cd_cut_NoColl.pdf, id=572, page=33, 569
.12625pt x 408.52625pt>
File: graphics/accidentals/accidentalBkg_2RP_cd_cut_NoColl.pdf Graphic file (ty
pe pdf)

<use graphics/accidentals/accidentalBkg_2RP_cd_cut_NoColl.pdf, page 33>
Package pdftex.def Info: graphics/accidentals/accidentalBkg_2RP_cd_cut_NoColl.p
df, page33 used on input line 223.
(pdftex.def)             Requested size: 232.17242pt x 166.6553pt.

<graphics/accidentals/accidentalBkg_2RP_cd_cut_NoColl.pdf, id=573, page=41, 569
.12625pt x 408.52625pt>
File: graphics/accidentals/accidentalBkg_2RP_cd_cut_NoColl.pdf Graphic file (ty
pe pdf)

<use graphics/accidentals/accidentalBkg_2RP_cd_cut_NoColl.pdf, page 41>
Package pdftex.def Info: graphics/accidentals/accidentalBkg_2RP_cd_cut_NoColl.p
df, page41 used on input line 230.
(pdftex.def)             Requested size: 232.17242pt x 166.6553pt.

[13 <./graphics/accidentals/accidentalBkg_2RP_cd_Coll.pdf, page is rotated 90 d
egrees> <./graphics/accidentals/accidentalBkg_2RP_cd_cut_NoColl.pdf, page is ro
tated 90 degrees> <./graphics/accidentals/accidentalBkg_2RP_cd_cut_NoColl.pdf, 
page is rotated 90 degrees>]
<graphics/accidentals/accidentalBkg_2RP_cd_scale.pdf, id=668, page=30, 569.1262
5pt x 408.52625pt>
File: graphics/accidentals/accidentalBkg_2RP_cd_scale.pdf Graphic file (type pd
f)

<use graphics/accidentals/accidentalBkg_2RP_cd_scale.pdf, page 30>
Package pdftex.def Info: graphics/accidentals/accidentalBkg_2RP_cd_scale.pdf, p
age30 used on input line 242.
(pdftex.def)             Requested size: 232.17242pt x 166.6553pt.

<graphics/accidentals/accidentalBkg_2RP_cd_Cut_scale.pdf, id=669, page=30, 569.
12625pt x 408.52625pt>
File: graphics/accidentals/accidentalBkg_2RP_cd_Cut_scale.pdf Graphic file (typ
e pdf)

<use graphics/accidentals/accidentalBkg_2RP_cd_Cut_scale.pdf, page 30>
Package pdftex.def Info: graphics/accidentals/accidentalBkg_2RP_cd_Cut_scale.pd
f, page30 used on input line 249.
(pdftex.def)             Requested size: 232.17242pt x 166.6553pt.

<graphics/accidentals/accidentalBkg_2RP_cd_Cut_scale.pdf, id=670, page=38, 569.
12625pt x 408.52625pt>
File: graphics/accidentals/accidentalBkg_2RP_cd_Cut_scale.pdf Graphic file (typ
e pdf)

<use graphics/accidentals/accidentalBkg_2RP_cd_Cut_scale.pdf, page 38>
Package pdftex.def Info: graphics/accidentals/accidentalBkg_2RP_cd_Cut_scale.pd
f, page38 used on input line 255.
(pdftex.def)             Requested size: 232.17242pt x 166.6553pt.

<graphics/accidentals/accidentalBkg_2RP_cd_Cut_scale.pdf, id=671, page=4, 569.1
2625pt x 408.52625pt>
File: graphics/accidentals/accidentalBkg_2RP_cd_Cut_scale.pdf Graphic file (typ
e pdf)

<use graphics/accidentals/accidentalBkg_2RP_cd_Cut_scale.pdf, page 4>
Package pdftex.def Info: graphics/accidentals/accidentalBkg_2RP_cd_Cut_scale.pd
f, page4 used on input line 262.
(pdftex.def)             Requested size: 232.17242pt x 166.6553pt.
 [14 <./graphics/accidentals/accidentalBkg_2RP_cd_cut_NoColl.pdf, page is rotat
ed 90 degrees> <./graphics/accidentals/accidentalBkg_2RP_cd_cut_NoColl.pdf, pag
e is rotated 90 degrees> <./graphics/accidentals/accidentalBkg_2RP_cd_cut_NoCol
l.pdf, page is rotated 90 degrees> <./graphics/accidentals/accidentalBkg_2RP_cd
_cut_NoColl.pdf, page is rotated 90 degrees>]
<graphics/accidentals/accidentalBkg_2RP_cd_cut_NoColl.pdf, id=681, page=61, 569
.12625pt x 408.52625pt>
File: graphics/accidentals/accidentalBkg_2RP_cd_cut_NoColl.pdf Graphic file (ty
pe pdf)

<use graphics/accidentals/accidentalBkg_2RP_cd_cut_NoColl.pdf, page 61>
Package pdftex.def Info: graphics/accidentals/accidentalBkg_2RP_cd_cut_NoColl.p
df, page61 used on input line 275.
(pdftex.def)             Requested size: 232.17242pt x 166.6553pt.

<graphics/accidentals/accidentalBkg_2RP_cd_cut_NoColl.pdf, id=682, page=62, 569
.12625pt x 408.52625pt>
File: graphics/accidentals/accidentalBkg_2RP_cd_cut_NoColl.pdf Graphic file (ty
pe pdf)

<use graphics/accidentals/accidentalBkg_2RP_cd_cut_NoColl.pdf, page 62>
Package pdftex.def Info: graphics/accidentals/accidentalBkg_2RP_cd_cut_NoColl.p
df, page62 used on input line 282.
(pdftex.def)             Requested size: 232.17242pt x 166.6553pt.

<graphics/accidentals/accidentalBkg_2RP_cd_cut_NoColl.pdf, id=683, page=69, 569
.12625pt x 408.52625pt>
File: graphics/accidentals/accidentalBkg_2RP_cd_cut_NoColl.pdf Graphic file (ty
pe pdf)

<use graphics/accidentals/accidentalBkg_2RP_cd_cut_NoColl.pdf, page 69>
Package pdftex.def Info: graphics/accidentals/accidentalBkg_2RP_cd_cut_NoColl.p
df, page69 used on input line 288.
(pdftex.def)             Requested size: 232.17242pt x 166.6553pt.

<graphics/accidentals/accidentalBkg_2RP_cd_cut_NoColl.pdf, id=684, page=70, 569
.12625pt x 408.52625pt>
File: graphics/accidentals/accidentalBkg_2RP_cd_cut_NoColl.pdf Graphic file (ty
pe pdf)

<use graphics/accidentals/accidentalBkg_2RP_cd_cut_NoColl.pdf, page 70>
Package pdftex.def Info: graphics/accidentals/accidentalBkg_2RP_cd_cut_NoColl.p
df, page70 used on input line 295.
(pdftex.def)             Requested size: 232.17242pt x 166.6553pt.

<graphics/accidentals/accidentalBkg_2RP_cd_Cut_scale.pdf, id=685, page=12, 569.
12625pt x 408.52625pt>
File: graphics/accidentals/accidentalBkg_2RP_cd_Cut_scale.pdf Graphic file (typ
e pdf)

<use graphics/accidentals/accidentalBkg_2RP_cd_Cut_scale.pdf, page 12>
Package pdftex.def Info: graphics/accidentals/accidentalBkg_2RP_cd_Cut_scale.pd
f, page12 used on input line 306.
(pdftex.def)             Requested size: 232.17242pt x 166.6553pt.

<graphics/accidentals/accidentalBkg_2RP_cd_Cut_scale.pdf, id=686, page=24, 569.
12625pt x 408.52625pt>
File: graphics/accidentals/accidentalBkg_2RP_cd_Cut_scale.pdf Graphic file (typ
e pdf)

<use graphics/accidentals/accidentalBkg_2RP_cd_Cut_scale.pdf, page 24>
Package pdftex.def Info: graphics/accidentals/accidentalBkg_2RP_cd_Cut_scale.pd
f, page24 used on input line 313.
(pdftex.def)             Requested size: 232.17242pt x 166.6553pt.

<graphics/accidentals/accidentalBkg_2RP_cd_Cut_scale.pdf, id=687, page=13, 569.
12625pt x 408.52625pt>
File: graphics/accidentals/accidentalBkg_2RP_cd_Cut_scale.pdf Graphic file (typ
e pdf)

<use graphics/accidentals/accidentalBkg_2RP_cd_Cut_scale.pdf, page 13>
Package pdftex.def Info: graphics/accidentals/accidentalBkg_2RP_cd_Cut_scale.pd
f, page13 used on input line 319.
(pdftex.def)             Requested size: 232.17242pt x 166.6553pt.

<graphics/accidentals/accidentalBkg_2RP_cd_Cut_scale.pdf, id=688, page=25, 569.
12625pt x 408.52625pt>
File: graphics/accidentals/accidentalBkg_2RP_cd_Cut_scale.pdf Graphic file (typ
e pdf)

<use graphics/accidentals/accidentalBkg_2RP_cd_Cut_scale.pdf, page 25>
Package pdftex.def Info: graphics/accidentals/accidentalBkg_2RP_cd_Cut_scale.pd
f, page25 used on input line 326.
(pdftex.def)             Requested size: 232.17242pt x 166.6553pt.
 [15 <./graphics/accidentals/accidentalBkg_2RP_cd_scale.pdf, page is rotated 90
 degrees> <./graphics/accidentals/accidentalBkg_2RP_cd_Cut_scale.pdf, page is r
otated 90 degrees> <./graphics/accidentals/accidentalBkg_2RP_cd_Cut_scale.pdf, 
page is rotated 90 degrees> <./graphics/accidentals/accidentalBkg_2RP_cd_Cut_sc
ale.pdf, page is rotated 90 degrees>] [16 <./graphics/accidentals/accidentalBkg
_2RP_cd_cut_NoColl.pdf, page is rotated 90 degrees> <./graphics/accidentals/acc
identalBkg_2RP_cd_cut_NoColl.pdf, page is rotated 90 degrees> <./graphics/accid
entals/accidentalBkg_2RP_cd_cut_NoColl.pdf, page is rotated 90 degrees> <./grap
hics/accidentals/accidentalBkg_2RP_cd_cut_NoColl.pdf, page is rotated 90 degree
s>]
<graphics/accidentals/compareCuts.pdf, id=830, page=1, 569.12625pt x 408.52625p
t>
File: graphics/accidentals/compareCuts.pdf Graphic file (type pdf)
 <use graphics/accidentals/compareCuts.pdf, page 1>
Package pdftex.def Info: graphics/accidentals/compareCuts.pdf, page1 used on in
put line 340.
(pdftex.def)             Requested size: 149.94484pt x 107.62935pt.

<graphics/accidentals/compareCuts.pdf, id=831, page=3, 569.12625pt x 408.52625p
t>
File: graphics/accidentals/compareCuts.pdf Graphic file (type pdf)
 <use graphics/accidentals/compareCuts.pdf, page 3>
Package pdftex.def Info: graphics/accidentals/compareCuts.pdf, page3 used on in
put line 347.
(pdftex.def)             Requested size: 149.94484pt x 107.62935pt.

<graphics/accidentals/compareCuts.pdf, id=832, page=5, 569.12625pt x 408.52625p
t>
File: graphics/accidentals/compareCuts.pdf Graphic file (type pdf)
 <use graphics/accidentals/compareCuts.pdf, page 5>
Package pdftex.def Info: graphics/accidentals/compareCuts.pdf, page5 used on in
put line 354.
(pdftex.def)             Requested size: 149.94484pt x 107.62935pt.

<graphics/accidentals/compareCuts.pdf, id=833, page=2, 569.12625pt x 408.52625p
t>
File: graphics/accidentals/compareCuts.pdf Graphic file (type pdf)
 <use graphics/accidentals/compareCuts.pdf, page 2>
Package pdftex.def Info: graphics/accidentals/compareCuts.pdf, page2 used on in
put line 360.
(pdftex.def)             Requested size: 149.94484pt x 107.62935pt.

<graphics/accidentals/compareCuts.pdf, id=834, page=4, 569.12625pt x 408.52625p
t>
File: graphics/accidentals/compareCuts.pdf Graphic file (type pdf)
 <use graphics/accidentals/compareCuts.pdf, page 4>
Package pdftex.def Info: graphics/accidentals/compareCuts.pdf, page4 used on in
put line 367.
(pdftex.def)             Requested size: 149.94484pt x 107.62935pt.

<graphics/accidentals/compareCuts.pdf, id=835, page=6, 569.12625pt x 408.52625p
t>
File: graphics/accidentals/compareCuts.pdf Graphic file (type pdf)
 <use graphics/accidentals/compareCuts.pdf, page 6>
Package pdftex.def Info: graphics/accidentals/compareCuts.pdf, page6 used on in
put line 374.
(pdftex.def)             Requested size: 149.94484pt x 107.62935pt.
)
(./AcceptanceEfficiency.tex [17 <./graphics/accidentals/accidentalBkg_2RP_cd_Cu
t_scale.pdf, page is rotated 90 degrees> <./graphics/accidentals/accidentalBkg_
2RP_cd_Cut_scale.pdf, page is rotated 90 degrees> <./graphics/accidentals/accid
entalBkg_2RP_cd_Cut_scale.pdf, page is rotated 90 degrees> <./graphics/accident
als/accidentalBkg_2RP_cd_Cut_scale.pdf, page is rotated 90 degrees>]
(./vertexing.tex [18 <./graphics/accidentals/compareCuts.pdf, page is rotated 9
0 degrees> <./graphics/accidentals/compareCuts.pdf, page is rotated 90 degrees>
 <./graphics/accidentals/compareCuts.pdf, page is rotated 90 degrees> <./graphi
cs/accidentals/compareCuts.pdf, page is rotated 90 degrees> <./graphics/acciden
tals/compareCuts.pdf, page is rotated 90 degrees> <./graphics/accidentals/compa
reCuts.pdf, page is rotated 90 degrees>]
<graphics/vertexing/vertexEffi.pdf, id=902, page=2, 569.12625pt x 408.52625pt>
File: graphics/vertexing/vertexEffi.pdf Graphic file (type pdf)

<use graphics/vertexing/vertexEffi.pdf, page 2>
Package pdftex.def Info: graphics/vertexing/vertexEffi.pdf, page2 used on input
 line 45.
(pdftex.def)             Requested size: 234.10614pt x 168.0454pt.

<graphics/vertexing/vertexEffi.pdf, id=903, page=3, 569.12625pt x 408.52625pt>
File: graphics/vertexing/vertexEffi.pdf Graphic file (type pdf)

<use graphics/vertexing/vertexEffi.pdf, page 3>
Package pdftex.def Info: graphics/vertexing/vertexEffi.pdf, page3 used on input
 line 52.
(pdftex.def)             Requested size: 234.10614pt x 168.0454pt.

<graphics/vertexing/vertexEffi.pdf, id=904, page=20, 569.12625pt x 408.52625pt>
File: graphics/vertexing/vertexEffi.pdf Graphic file (type pdf)
<use graphics/vertexing/vertexEffi.pdf, page 20>
Package pdftex.def Info: graphics/vertexing/vertexEffi.pdf, page20 used on inpu
t line 58.
(pdftex.def)             Requested size: 234.10614pt x 168.0454pt.

<graphics/vertexing/vertexEffi.pdf, id=905, page=21, 569.12625pt x 408.52625pt>
File: graphics/vertexing/vertexEffi.pdf Graphic file (type pdf)
<use graphics/vertexing/vertexEffi.pdf, page 21>
Package pdftex.def Info: graphics/vertexing/vertexEffi.pdf, page21 used on inpu
t line 65.
(pdftex.def)             Requested size: 234.10614pt x 168.0454pt.


LaTeX Warning: `h' float specifier changed to `ht'.

<graphics/chargedMC/bkg0max.pdf, id=907, page=19, 569.12625pt x 408.52625pt>
File: graphics/chargedMC/bkg0max.pdf Graphic file (type pdf)

<use graphics/chargedMC/bkg0max.pdf, page 19>
Package pdftex.def Info: graphics/chargedMC/bkg0max.pdf, page19 used on input l
ine 93.
(pdftex.def)             Requested size: 234.10614pt x 168.0454pt.

<graphics/chargedMC/bkg1max.pdf, id=908, page=15, 569.12625pt x 408.52625pt>
File: graphics/chargedMC/bkg1max.pdf Graphic file (type pdf)

<use graphics/chargedMC/bkg1max.pdf, page 15>
Package pdftex.def Info: graphics/chargedMC/bkg1max.pdf, page15 used on input l
ine 100.
(pdftex.def)             Requested size: 234.10614pt x 168.0454pt.
 [19] [20 <./graphics/vertexing/vertexEffi.pdf, page is rotated 90 degrees> <./
graphics/vertexing/vertexEffi.pdf, page is rotated 90 degrees> <./graphics/vert
exing/vertexEffi.pdf, page is rotated 90 degrees> <./graphics/vertexing/vertexE
ffi.pdf, page is rotated 90 degrees> <./graphics/chargedMC/bkg0max.pdf, page is
 rotated 90 degrees> <./graphics/chargedMC/bkg1max.pdf, page is rotated 90 degr
ees>]
<graphics/vertexing/vertexEffi.pdf, id=1059, page=4, 569.12625pt x 408.52625pt>
File: graphics/vertexing/vertexEffi.pdf Graphic file (type pdf)
<use graphics/vertexing/vertexEffi.pdf, page 4>
Package pdftex.def Info: graphics/vertexing/vertexEffi.pdf, page4 used on input
 line 128.
(pdftex.def)             Requested size: 145.11053pt x 104.16345pt.

<graphics/vertexing/vertexEffi.pdf, id=1060, page=7, 569.12625pt x 408.52625pt>
File: graphics/vertexing/vertexEffi.pdf Graphic file (type pdf)
<use graphics/vertexing/vertexEffi.pdf, page 7>
Package pdftex.def Info: graphics/vertexing/vertexEffi.pdf, page7 used on input
 line 135.
(pdftex.def)             Requested size: 145.11053pt x 104.16345pt.

<graphics/vertexing/vertexEffi.pdf, id=1061, page=10, 569.12625pt x 408.52625pt
>
File: graphics/vertexing/vertexEffi.pdf Graphic file (type pdf)
 <use graphics/vertexing/vertexEffi.pdf, page 10>
Package pdftex.def Info: graphics/vertexing/vertexEffi.pdf, page10 used on inpu
t line 141.
(pdftex.def)             Requested size: 145.11053pt x 104.16345pt.

<graphics/vertexing/vertexEffi.pdf, id=1062, page=13, 569.12625pt x 408.52625pt
>
File: graphics/vertexing/vertexEffi.pdf Graphic file (type pdf)
 <use graphics/vertexing/vertexEffi.pdf, page 13>
Package pdftex.def Info: graphics/vertexing/vertexEffi.pdf, page13 used on inpu
t line 148.
(pdftex.def)             Requested size: 145.11053pt x 104.16345pt.

<graphics/vertexing/vertexEffi.pdf, id=1063, page=16, 569.12625pt x 408.52625pt
>
File: graphics/vertexing/vertexEffi.pdf Graphic file (type pdf)
 <use graphics/vertexing/vertexEffi.pdf, page 16>
Package pdftex.def Info: graphics/vertexing/vertexEffi.pdf, page16 used on inpu
t line 154.
(pdftex.def)             Requested size: 145.11053pt x 104.16345pt.

<graphics/vertexing/vertexEffi.pdf, id=1064, page=22, 569.12625pt x 408.52625pt
>
File: graphics/vertexing/vertexEffi.pdf Graphic file (type pdf)
 <use graphics/vertexing/vertexEffi.pdf, page 22>
Package pdftex.def Info: graphics/vertexing/vertexEffi.pdf, page22 used on inpu
t line 165.
(pdftex.def)             Requested size: 145.11053pt x 104.16345pt.

<graphics/vertexing/vertexEffi.pdf, id=1065, page=25, 569.12625pt x 408.52625pt
>
File: graphics/vertexing/vertexEffi.pdf Graphic file (type pdf)
 <use graphics/vertexing/vertexEffi.pdf, page 25>
Package pdftex.def Info: graphics/vertexing/vertexEffi.pdf, page25 used on inpu
t line 172.
(pdftex.def)             Requested size: 145.11053pt x 104.16345pt.

<graphics/vertexing/vertexEffi.pdf, id=1066, page=28, 569.12625pt x 408.52625pt
>
File: graphics/vertexing/vertexEffi.pdf Graphic file (type pdf)
 <use graphics/vertexing/vertexEffi.pdf, page 28>
Package pdftex.def Info: graphics/vertexing/vertexEffi.pdf, page28 used on inpu
t line 178.
(pdftex.def)             Requested size: 145.11053pt x 104.16345pt.

<graphics/vertexing/vertexEffi.pdf, id=1067, page=31, 569.12625pt x 408.52625pt
>
File: graphics/vertexing/vertexEffi.pdf Graphic file (type pdf)
 <use graphics/vertexing/vertexEffi.pdf, page 31>
Package pdftex.def Info: graphics/vertexing/vertexEffi.pdf, page31 used on inpu
t line 185.
(pdftex.def)             Requested size: 145.11053pt x 104.16345pt.

<graphics/vertexing/vertexEffi.pdf, id=1068, page=34, 569.12625pt x 408.52625pt
>
File: graphics/vertexing/vertexEffi.pdf Graphic file (type pdf)
 <use graphics/vertexing/vertexEffi.pdf, page 34>
Package pdftex.def Info: graphics/vertexing/vertexEffi.pdf, page34 used on inpu
t line 191.
(pdftex.def)             Requested size: 145.11053pt x 104.16345pt.
) (./chargedCorrections.tex

Package hyperref Warning: Token not allowed in a PDF string (PDFDocEncoding):
(hyperref)                removing `math shift' on input line 1.


Package hyperref Warning: Token not allowed in a PDF string (PDFDocEncoding):
(hyperref)                removing `subscript' on input line 1.


Package hyperref Warning: Token not allowed in a PDF string (PDFDocEncoding):
(hyperref)                removing `math shift' on input line 1.

[21 <./graphics/vertexing/vertexEffi.pdf, page is rotated 90 degrees> <./graphi
cs/vertexing/vertexEffi.pdf, page is rotated 90 degrees> <./graphics/vertexing/
vertexEffi.pdf, page is rotated 90 degrees> <./graphics/vertexing/vertexEffi.pd
f, page is rotated 90 degrees> <./graphics/vertexing/vertexEffi.pdf, page is ro
tated 90 degrees> <./graphics/vertexing/vertexEffi.pdf, page is rotated 90 degr
ees> <./graphics/vertexing/vertexEffi.pdf, page is rotated 90 degrees> <./graph
ics/vertexing/vertexEffi.pdf, page is rotated 90 degrees> <./graphics/vertexing
/vertexEffi.pdf, page is rotated 90 degrees> <./graphics/vertexing/vertexEffi.p
df, page is rotated 90 degrees>]
Underfull \hbox (badness 10000) in paragraph at lines 16--17

 []


Overfull \hbox (10.4493pt too wide) in paragraph at lines 28--30
\OT1/cmr/m/n/10 where nor-mal-ized $\OML/cmm/m/it/10 N[]\OT1/cmr/m/n/10 (\OML/c
mm/m/it/10 N[]\OT1/cmr/m/n/10 )$ and $\OML/cmm/m/it/10 N[]\OT1/cmr/m/n/10 (\OML
/cmm/m/it/10 N[]\OT1/cmr/m/n/10 )$ serve as prob-a-bil-ity dis-tri-bu-tions $\O
ML/cmm/m/it/10 P[]\OT1/cmr/m/n/10 (\OML/cmm/m/it/10 N[]\OT1/cmr/m/n/10 )$ and $
\OML/cmm/m/it/10 P[]\OT1/cmr/m/n/10 (\OML/cmm/m/it/10 N[]\OT1/cmr/m/n/10 )$. 
 []

)) (./PID.tex

Package hyperref Warning: Token not allowed in a PDF string (PDFDocEncoding):
(hyperref)                removing `math shift' on input line 1.


Package hyperref Warning: Token not allowed in a PDF string (PDFDocEncoding):
(hyperref)                removing `math shift' on input line 1.

<graphics/pid/SDT_dEdx.pdf, id=1126, page=1, 569.12625pt x 408.52625pt>
File: graphics/pid/SDT_dEdx.pdf Graphic file (type pdf)

<use graphics/pid/SDT_dEdx.pdf, page 1>
Package pdftex.def Info: graphics/pid/SDT_dEdx.pdf, page1 used on input line 37
.
(pdftex.def)             Requested size: 478.86255pt x 343.7519pt.
 [22]
<graphics/pid/spectraFit_SDT.pdf, id=1140, page=1, 569.12625pt x 549.05125pt>
File: graphics/pid/spectraFit_SDT.pdf Graphic file (type pdf)

<use graphics/pid/spectraFit_SDT.pdf, page 1>
Package pdftex.def Info: graphics/pid/spectraFit_SDT.pdf, page1 used on input l
ine 67.
(pdftex.def)             Requested size: 234.10614pt x 225.84972pt.

<graphics/pid/spectraFit_SDT.pdf, id=1141, page=14, 569.12625pt x 549.05125pt>
File: graphics/pid/spectraFit_SDT.pdf Graphic file (type pdf)

<use graphics/pid/spectraFit_SDT.pdf, page 14>
Package pdftex.def Info: graphics/pid/spectraFit_SDT.pdf, page14 used on input 
line 74.
(pdftex.def)             Requested size: 234.10614pt x 225.84972pt.

<graphics/pid/spectraFit_SDT.pdf, id=1142, page=21, 569.12625pt x 549.05125pt>
File: graphics/pid/spectraFit_SDT.pdf Graphic file (type pdf)

<use graphics/pid/spectraFit_SDT.pdf, page 21>
Package pdftex.def Info: graphics/pid/spectraFit_SDT.pdf, page21 used on input 
line 80.
(pdftex.def)             Requested size: 234.10614pt x 225.84972pt.
 [23 <./graphics/pid/SDT_dEdx.pdf, page is rotated 90 degrees>]
<graphics/pid/spectraFit_SDT.pdf, id=1195, page=5, 569.12625pt x 549.05125pt>
File: graphics/pid/spectraFit_SDT.pdf Graphic file (type pdf)

<use graphics/pid/spectraFit_SDT.pdf, page 5>
Package pdftex.def Info: graphics/pid/spectraFit_SDT.pdf, page5 used on input l
ine 101.
(pdftex.def)             Requested size: 234.10614pt x 225.84972pt.

<graphics/pid/spectraFit_SDT.pdf, id=1196, page=16, 569.12625pt x 549.05125pt>
File: graphics/pid/spectraFit_SDT.pdf Graphic file (type pdf)

<use graphics/pid/spectraFit_SDT.pdf, page 16>
Package pdftex.def Info: graphics/pid/spectraFit_SDT.pdf, page16 used on input 
line 108.
(pdftex.def)             Requested size: 234.10614pt x 225.84972pt.

<graphics/pid/spectraFit_SDT.pdf, id=1197, page=26, 569.12625pt x 549.05125pt>
File: graphics/pid/spectraFit_SDT.pdf Graphic file (type pdf)

<use graphics/pid/spectraFit_SDT.pdf, page 26>
Package pdftex.def Info: graphics/pid/spectraFit_SDT.pdf, page26 used on input 
line 114.
(pdftex.def)             Requested size: 234.10614pt x 225.84972pt.
) [24 <./graphics/pid/spectraFit_SDT.pdf, page is rotated 90 degrees> <./graphi
cs/pid/spectraFit_SDT.pdf, page is rotated 90 degrees> <./graphics/pid/spectraF
it_SDT.pdf, page is rotated 90 degrees>]) (./dEdxFitAppendix.tex [25 <./graphic
s/pid/spectraFit_SDT.pdf, page is rotated 90 degrees> <./graphics/pid/spectraFi
t_SDT.pdf, page is rotated 90 degrees> <./graphics/pid/spectraFit_SDT.pdf, page
 is rotated 90 degrees>]
Appendix A.

Package hyperref Warning: Token not allowed in a PDF string (PDFDocEncoding):
(hyperref)                removing `math shift' on input line 7.


Package hyperref Warning: Token not allowed in a PDF string (PDFDocEncoding):
(hyperref)                removing `\sigma' on input line 7.


Package hyperref Warning: Token not allowed in a PDF string (PDFDocEncoding):
(hyperref)                removing `superscript' on input line 7.


Package hyperref Warning: Token not allowed in a PDF string (PDFDocEncoding):
(hyperref)                removing `subscript' on input line 7.


Package hyperref Warning: Token not allowed in a PDF string (PDFDocEncoding):
(hyperref)                removing `math shift' on input line 7.

<graphics/pid/spectraFit_SDT.pdf, id=1255, page=2, 569.12625pt x 549.05125pt>
File: graphics/pid/spectraFit_SDT.pdf Graphic file (type pdf)

<use graphics/pid/spectraFit_SDT.pdf, page 2>
Package pdftex.def Info: graphics/pid/spectraFit_SDT.pdf, page2 used on input l
ine 16.
(pdftex.def)             Requested size: 145.11053pt x 139.99365pt.

<graphics/pid/spectraFit_SDT.pdf, id=1256, page=3, 569.12625pt x 549.05125pt>
File: graphics/pid/spectraFit_SDT.pdf Graphic file (type pdf)

<use graphics/pid/spectraFit_SDT.pdf, page 3>
Package pdftex.def Info: graphics/pid/spectraFit_SDT.pdf, page3 used on input l
ine 23.
(pdftex.def)             Requested size: 145.11053pt x 139.99365pt.

<graphics/pid/spectraFit_SDT.pdf, id=1257, page=4, 569.12625pt x 549.05125pt>
File: graphics/pid/spectraFit_SDT.pdf Graphic file (type pdf)

<use graphics/pid/spectraFit_SDT.pdf, page 4>
Package pdftex.def Info: graphics/pid/spectraFit_SDT.pdf, page4 used on input l
ine 29.
(pdftex.def)             Requested size: 145.11053pt x 139.99365pt.
File: graphics/pid/spectraFit_SDT.pdf Graphic file (type pdf)

<use graphics/pid/spectraFit_SDT.pdf, page 5>
Package pdftex.def Info: graphics/pid/spectraFit_SDT.pdf, page5 used on input l
ine 35.
(pdftex.def)             Requested size: 145.11053pt x 139.99365pt.

<graphics/pid/spectraFit_SDT.pdf, id=1258, page=6, 569.12625pt x 549.05125pt>
File: graphics/pid/spectraFit_SDT.pdf Graphic file (type pdf)

<use graphics/pid/spectraFit_SDT.pdf, page 6>
Package pdftex.def Info: graphics/pid/spectraFit_SDT.pdf, page6 used on input l
ine 42.
(pdftex.def)             Requested size: 145.11053pt x 139.99365pt.

<graphics/pid/spectraFit_SDT.pdf, id=1259, page=7, 569.12625pt x 549.05125pt>
File: graphics/pid/spectraFit_SDT.pdf Graphic file (type pdf)

<use graphics/pid/spectraFit_SDT.pdf, page 7>
Package pdftex.def Info: graphics/pid/spectraFit_SDT.pdf, page7 used on input l
ine 48.
(pdftex.def)             Requested size: 145.11053pt x 139.99365pt.

<graphics/pid/spectraFit_SDT.pdf, id=1260, page=8, 569.12625pt x 549.05125pt>
File: graphics/pid/spectraFit_SDT.pdf Graphic file (type pdf)

<use graphics/pid/spectraFit_SDT.pdf, page 8>
Package pdftex.def Info: graphics/pid/spectraFit_SDT.pdf, page8 used on input l
ine 54.
(pdftex.def)             Requested size: 145.11053pt x 139.99365pt.

<graphics/pid/spectraFit_SDT.pdf, id=1261, page=9, 569.12625pt x 549.05125pt>
File: graphics/pid/spectraFit_SDT.pdf Graphic file (type pdf)

<use graphics/pid/spectraFit_SDT.pdf, page 9>
Package pdftex.def Info: graphics/pid/spectraFit_SDT.pdf, page9 used on input l
ine 61.
(pdftex.def)             Requested size: 145.11053pt x 139.99365pt.

<graphics/pid/spectraFit_SDT.pdf, id=1262, page=10, 569.12625pt x 549.05125pt>
File: graphics/pid/spectraFit_SDT.pdf Graphic file (type pdf)

<use graphics/pid/spectraFit_SDT.pdf, page 10>
Package pdftex.def Info: graphics/pid/spectraFit_SDT.pdf, page10 used on input 
line 67.
(pdftex.def)             Requested size: 145.11053pt x 139.99365pt.

<graphics/pid/spectraFit_SDT.pdf, id=1263, page=11, 569.12625pt x 549.05125pt>
File: graphics/pid/spectraFit_SDT.pdf Graphic file (type pdf)

<use graphics/pid/spectraFit_SDT.pdf, page 11>
Package pdftex.def Info: graphics/pid/spectraFit_SDT.pdf, page11 used on input 
line 73.
(pdftex.def)             Requested size: 145.11053pt x 139.99365pt.

<graphics/pid/spectraFit_SDT.pdf, id=1264, page=12, 569.12625pt x 549.05125pt>
File: graphics/pid/spectraFit_SDT.pdf Graphic file (type pdf)

<use graphics/pid/spectraFit_SDT.pdf, page 12>
Package pdftex.def Info: graphics/pid/spectraFit_SDT.pdf, page12 used on input 
line 80.
(pdftex.def)             Requested size: 145.11053pt x 139.99365pt.

<graphics/pid/spectraFit_SDT.pdf, id=1265, page=13, 569.12625pt x 549.05125pt>
File: graphics/pid/spectraFit_SDT.pdf Graphic file (type pdf)

<use graphics/pid/spectraFit_SDT.pdf, page 13>
Package pdftex.def Info: graphics/pid/spectraFit_SDT.pdf, page13 used on input 
line 86.
(pdftex.def)             Requested size: 145.11053pt x 139.99365pt.

<graphics/pid/spectraFit_SDT.pdf, id=1266, page=15, 569.12625pt x 549.05125pt>
File: graphics/pid/spectraFit_SDT.pdf Graphic file (type pdf)

<use graphics/pid/spectraFit_SDT.pdf, page 15>
Package pdftex.def Info: graphics/pid/spectraFit_SDT.pdf, page15 used on input 
line 97.
(pdftex.def)             Requested size: 145.11053pt x 139.99365pt.
File: graphics/pid/spectraFit_SDT.pdf Graphic file (type pdf)

<use graphics/pid/spectraFit_SDT.pdf, page 16>
Package pdftex.def Info: graphics/pid/spectraFit_SDT.pdf, page16 used on input 
line 104.
(pdftex.def)             Requested size: 145.11053pt x 139.99365pt.

<graphics/pid/spectraFit_SDT.pdf, id=1267, page=17, 569.12625pt x 549.05125pt>
File: graphics/pid/spectraFit_SDT.pdf Graphic file (type pdf)

<use graphics/pid/spectraFit_SDT.pdf, page 17>
Package pdftex.def Info: graphics/pid/spectraFit_SDT.pdf, page17 used on input 
line 110.
(pdftex.def)             Requested size: 145.11053pt x 139.99365pt.

<graphics/pid/spectraFit_SDT.pdf, id=1268, page=18, 569.12625pt x 549.05125pt>
File: graphics/pid/spectraFit_SDT.pdf Graphic file (type pdf)

<use graphics/pid/spectraFit_SDT.pdf, page 18>
Package pdftex.def Info: graphics/pid/spectraFit_SDT.pdf, page18 used on input 
line 116.
(pdftex.def)             Requested size: 145.11053pt x 139.99365pt.

<graphics/pid/spectraFit_SDT.pdf, id=1269, page=19, 569.12625pt x 549.05125pt>
File: graphics/pid/spectraFit_SDT.pdf Graphic file (type pdf)

<use graphics/pid/spectraFit_SDT.pdf, page 19>
Package pdftex.def Info: graphics/pid/spectraFit_SDT.pdf, page19 used on input 
line 123.
(pdftex.def)             Requested size: 145.11053pt x 139.99365pt.

<graphics/pid/spectraFit_SDT.pdf, id=1270, page=20, 569.12625pt x 549.05125pt>
File: graphics/pid/spectraFit_SDT.pdf Graphic file (type pdf)

<use graphics/pid/spectraFit_SDT.pdf, page 20>
Package pdftex.def Info: graphics/pid/spectraFit_SDT.pdf, page20 used on input 
line 129.
(pdftex.def)             Requested size: 145.11053pt x 139.99365pt.
 [26

 <./graphics/pid/spectraFit_SDT.pdf, page is rotated 90 degrees> <./graphics/pi
d/spectraFit_SDT.pdf, page is rotated 90 degrees> <./graphics/pid/spectraFit_SD
T.pdf, page is rotated 90 degrees> <./graphics/pid/spectraFit_SDT.pdf, page is 
rotated 90 degrees> <./graphics/pid/spectraFit_SDT.pdf, page is rotated 90 degr
ees> <./graphics/pid/spectraFit_SDT.pdf, page is rotated 90 degrees> <./graphic
s/pid/spectraFit_SDT.pdf, page is rotated 90 degrees> <./graphics/pid/spectraFi
t_SDT.pdf, page is rotated 90 degrees> <./graphics/pid/spectraFit_SDT.pdf, page
 is rotated 90 degrees> <./graphics/pid/spectraFit_SDT.pdf, page is rotated 90 
degrees> <./graphics/pid/spectraFit_SDT.pdf, page is rotated 90 degrees>]
<graphics/pid/spectraFit_SDT.pdf, id=1319, page=22, 569.12625pt x 549.05125pt>
File: graphics/pid/spectraFit_SDT.pdf Graphic file (type pdf)

<use graphics/pid/spectraFit_SDT.pdf, page 22>
Package pdftex.def Info: graphics/pid/spectraFit_SDT.pdf, page22 used on input 
line 142.
(pdftex.def)             Requested size: 145.11053pt x 139.99365pt.

<graphics/pid/spectraFit_SDT.pdf, id=1320, page=23, 569.12625pt x 549.05125pt>
File: graphics/pid/spectraFit_SDT.pdf Graphic file (type pdf)

<use graphics/pid/spectraFit_SDT.pdf, page 23>
Package pdftex.def Info: graphics/pid/spectraFit_SDT.pdf, page23 used on input 
line 149.
(pdftex.def)             Requested size: 145.11053pt x 139.99365pt.

<graphics/pid/spectraFit_SDT.pdf, id=1321, page=24, 569.12625pt x 549.05125pt>
File: graphics/pid/spectraFit_SDT.pdf Graphic file (type pdf)

<use graphics/pid/spectraFit_SDT.pdf, page 24>
Package pdftex.def Info: graphics/pid/spectraFit_SDT.pdf, page24 used on input 
line 155.
(pdftex.def)             Requested size: 145.11053pt x 139.99365pt.

<graphics/pid/spectraFit_SDT.pdf, id=1322, page=25, 569.12625pt x 549.05125pt>
File: graphics/pid/spectraFit_SDT.pdf Graphic file (type pdf)

<use graphics/pid/spectraFit_SDT.pdf, page 25>
Package pdftex.def Info: graphics/pid/spectraFit_SDT.pdf, page25 used on input 
line 161.
(pdftex.def)             Requested size: 145.11053pt x 139.99365pt.
File: graphics/pid/spectraFit_SDT.pdf Graphic file (type pdf)

<use graphics/pid/spectraFit_SDT.pdf, page 26>
Package pdftex.def Info: graphics/pid/spectraFit_SDT.pdf, page26 used on input 
line 168.
(pdftex.def)             Requested size: 145.11053pt x 139.99365pt.

<graphics/pid/spectraFit_SDT.pdf, id=1323, page=27, 569.12625pt x 549.05125pt>
File: graphics/pid/spectraFit_SDT.pdf Graphic file (type pdf)

<use graphics/pid/spectraFit_SDT.pdf, page 27>
Package pdftex.def Info: graphics/pid/spectraFit_SDT.pdf, page27 used on input 
line 174.
(pdftex.def)             Requested size: 145.11053pt x 139.99365pt.

<graphics/pid/spectraFit_SDT.pdf, id=1324, page=28, 569.12625pt x 549.05125pt>
File: graphics/pid/spectraFit_SDT.pdf Graphic file (type pdf)

<use graphics/pid/spectraFit_SDT.pdf, page 28>
Package pdftex.def Info: graphics/pid/spectraFit_SDT.pdf, page28 used on input 
line 180.
(pdftex.def)             Requested size: 145.11053pt x 139.99365pt.

<graphics/pid/spectraFit_SDT.pdf, id=1325, page=29, 569.12625pt x 549.05125pt>
File: graphics/pid/spectraFit_SDT.pdf Graphic file (type pdf)

<use graphics/pid/spectraFit_SDT.pdf, page 29>
Package pdftex.def Info: graphics/pid/spectraFit_SDT.pdf, page29 used on input 
line 187.
(pdftex.def)             Requested size: 145.11053pt x 139.99365pt.

<graphics/pid/spectraFit_SDT.pdf, id=1326, page=30, 569.12625pt x 549.05125pt>
File: graphics/pid/spectraFit_SDT.pdf Graphic file (type pdf)

<use graphics/pid/spectraFit_SDT.pdf, page 30>
Package pdftex.def Info: graphics/pid/spectraFit_SDT.pdf, page30 used on input 
line 193.
(pdftex.def)             Requested size: 145.11053pt x 139.99365pt.

<graphics/pid/spectraFit_SDT.pdf, id=1327, page=31, 569.12625pt x 549.05125pt>
File: graphics/pid/spectraFit_SDT.pdf Graphic file (type pdf)

<use graphics/pid/spectraFit_SDT.pdf, page 31>
Package pdftex.def Info: graphics/pid/spectraFit_SDT.pdf, page31 used on input 
line 199.
(pdftex.def)             Requested size: 145.11053pt x 139.99365pt.

<graphics/pid/spectraFit_SDT.pdf, id=1328, page=32, 569.12625pt x 549.05125pt>
File: graphics/pid/spectraFit_SDT.pdf Graphic file (type pdf)

<use graphics/pid/spectraFit_SDT.pdf, page 32>
Package pdftex.def Info: graphics/pid/spectraFit_SDT.pdf, page32 used on input 
line 206.
(pdftex.def)             Requested size: 145.11053pt x 139.99365pt.

<graphics/pid/spectraFit_SDT.pdf, id=1329, page=33, 569.12625pt x 549.05125pt>
File: graphics/pid/spectraFit_SDT.pdf Graphic file (type pdf)

<use graphics/pid/spectraFit_SDT.pdf, page 33>
Package pdftex.def Info: graphics/pid/spectraFit_SDT.pdf, page33 used on input 
line 212.
(pdftex.def)             Requested size: 145.11053pt x 139.99365pt.

<graphics/pid/spectraFit_SDT.pdf, id=1330, page=34, 569.12625pt x 549.05125pt>
File: graphics/pid/spectraFit_SDT.pdf Graphic file (type pdf)

<use graphics/pid/spectraFit_SDT.pdf, page 34>
Package pdftex.def Info: graphics/pid/spectraFit_SDT.pdf, page34 used on input 
line 218.
(pdftex.def)             Requested size: 145.11053pt x 139.99365pt.

<graphics/pid/spectraFit_SDT.pdf, id=1331, page=35, 569.12625pt x 549.05125pt>
File: graphics/pid/spectraFit_SDT.pdf Graphic file (type pdf)

<use graphics/pid/spectraFit_SDT.pdf, page 35>
Package pdftex.def Info: graphics/pid/spectraFit_SDT.pdf, page35 used on input 
line 224.
(pdftex.def)             Requested size: 145.11053pt x 139.99365pt.
) [27 <./graphics/pid/spectraFit_SDT.pdf, page is rotated 90 degrees> <./graphi
cs/pid/spectraFit_SDT.pdf, page is rotated 90 degrees> <./graphics/pid/spectraF
it_SDT.pdf, page is rotated 90 degrees> <./graphics/pid/spectraFit_SDT.pdf, pag
e is rotated 90 degrees> <./graphics/pid/spectraFit_SDT.pdf, page is rotated 90
 degrees>]
Overfull \vbox (6.86818pt too high) has occurred while \output is active []


[28 <./graphics/pid/spectraFit_SDT.pdf, page is rotated 90 degrees> <./graphics
/pid/spectraFit_SDT.pdf, page is rotated 90 degrees> <./graphics/pid/spectraFit
_SDT.pdf, page is rotated 90 degrees> <./graphics/pid/spectraFit_SDT.pdf, page 
is rotated 90 degrees> <./graphics/pid/spectraFit_SDT.pdf, page is rotated 90 d
egrees> <./graphics/pid/spectraFit_SDT.pdf, page is rotated 90 degrees> <./grap
hics/pid/spectraFit_SDT.pdf, page is rotated 90 degrees> <./graphics/pid/spectr
aFit_SDT.pdf, page is rotated 90 degrees> <./graphics/pid/spectraFit_SDT.pdf, p
age is rotated 90 degrees> <./graphics/pid/spectraFit_SDT.pdf, page is rotated 
90 degrees> <./graphics/pid/spectraFit_SDT.pdf, page is rotated 90 degrees> <./
graphics/pid/spectraFit_SDT.pdf, page is rotated 90 degrees> <./graphics/pid/sp
ectraFit_SDT.pdf, page is rotated 90 degrees>] (./PID_AnalysisNote.bbl)
Package atveryend Info: Empty hook `BeforeClearDocument' on input line 123.

[29

]
Package atveryend Info: Empty hook `AfterLastShipout' on input line 123.
 (./PID_AnalysisNote.aux)
Package atveryend Info: Executing hook `AtVeryEndDocument' on input line 123.
Package atveryend Info: Executing hook `AtEndAfterFileList' on input line 123.
Package rerunfilecheck Info: File `PID_AnalysisNote.out' has not changed.
(rerunfilecheck)             Checksum: F14A0CD9E54F9F5EA7BBD9F462BC7D21;1626.
Package atveryend Info: Empty hook `AtVeryVeryEnd' on input line 123.
 ) 
Here is how much of TeX's memory you used:
 11328 strings out of 493029
 187699 string characters out of 6136235
 285382 words of memory out of 5000000
 14531 multiletter control sequences out of 15000+600000
 21470 words of font info for 82 fonts, out of 8000000 for 9000
 1141 hyphenation exceptions out of 8191
 36i,13n,53p,1166b,752s stack positions out of 5000i,500n,10000p,200000b,80000s
</usr/share/texlive/texmf-dist/fonts/type1/public/amsfonts/cm/cmbx10.pfb></us
r/share/texlive/texmf-dist/fonts/type1/public/amsfonts/cm/cmbx12.pfb></usr/shar
e/texlive/texmf-dist/fonts/type1/public/amsfonts/cm/cmbx9.pfb></usr/share/texli
ve/texmf-dist/fonts/type1/public/amsfonts/cm/cmbxti10.pfb></usr/share/texlive/t
exmf-dist/fonts/type1/public/amsfonts/cm/cmex10.pfb></usr/share/texlive/texmf-d
ist/fonts/type1/public/amsfonts/cm/cmmi10.pfb></usr/share/texlive/texmf-dist/fo
nts/type1/public/amsfonts/cm/cmmi12.pfb></usr/share/texlive/texmf-dist/fonts/ty
pe1/public/amsfonts/cm/cmmi5.pfb></usr/share/texlive/texmf-dist/fonts/type1/pub
lic/amsfonts/cm/cmmi7.pfb></usr/share/texlive/texmf-dist/fonts/type1/public/ams
fonts/cm/cmmi8.pfb></usr/share/texlive/texmf-dist/fonts/type1/public/amsfonts/c
m/cmmi9.pfb></usr/share/texlive/texmf-dist/fonts/type1/public/amsfonts/cm/cmr10
.pfb></usr/share/texlive/texmf-dist/fonts/type1/public/amsfonts/cm/cmr12.pfb></
usr/share/texlive/texmf-dist/fonts/type1/public/amsfonts/cm/cmr17.pfb></usr/sha
re/texlive/texmf-dist/fonts/type1/public/amsfonts/cm/cmr5.pfb></usr/share/texli
ve/texmf-dist/fonts/type1/public/amsfonts/cm/cmr6.pfb></usr/share/texlive/texmf
-dist/fonts/type1/public/amsfonts/cm/cmr7.pfb></usr/share/texlive/texmf-dist/fo
nts/type1/public/amsfonts/cm/cmr8.pfb></usr/share/texlive/texmf-dist/fonts/type
1/public/amsfonts/cm/cmr9.pfb></usr/share/texlive/texmf-dist/fonts/type1/public
/amsfonts/cm/cmsy10.pfb></usr/share/texlive/texmf-dist/fonts/type1/public/amsfo
nts/cm/cmsy5.pfb></usr/share/texlive/texmf-dist/fonts/type1/public/amsfonts/cm/
cmsy7.pfb></usr/share/texlive/texmf-dist/fonts/type1/public/amsfonts/cm/cmsy9.p
fb></usr/share/texlive/texmf-dist/fonts/type1/public/amsfonts/cm/cmti10.pfb></u
sr/share/texlive/texmf-dist/fonts/type1/public/amsfonts/cm/cmti9.pfb></usr/shar
e/texlive/texmf-dist/fonts/type1/public/amsfonts/cm/cmtt10.pfb>
Output written on PID_AnalysisNote.pdf (29 pages, 1664799 bytes).
PDF statistics:
 1485 PDF objects out of 1728 (max. 8388607)
 842 compressed objects within 9 object streams
 141 named destinations out of 1000 (max. 500000)
 678 words of extra memory for PDF output out of 10000 (max. 10000000)

